2020-06-01 17:09:51,380 - model.dcrnn_supervisor - INFO - Log directory: data/model/dcrnn_L_2_h_12_64-64_lr_0.01_bs_64_0601170951/
2020-06-01 17:09:51,382 - model.dcrnn_supervisor - INFO - {'base_dir': 'data/model', 'log_level': 'INFO', 'data': {'batch_size': 64, 'dataset_dir': 'data/METR-LA', 'test_batch_size': 64, 'val_batch_size': 64, 'graph_pkl_filename': 'data/sensor_graph/adj_mx.pkl'}, 'model': {'cl_decay_steps': 2000, 'filter_type': 'laplacian', 'horizon': 12, 'input_dim': 2, 'l1_decay': 0, 'max_diffusion_step': 2, 'num_nodes': 207, 'num_rnn_layers': 2, 'output_dim': 1, 'rnn_units': 64, 'seq_len': 12, 'use_curriculum_learning': True}, 'train': {'base_lr': 0.01, 'dropout': 0, 'epoch': 0, 'epochs': 100, 'epsilon': 0.001, 'global_step': 0, 'lr_decay_ratio': 0.1, 'max_grad_norm': 5, 'max_to_keep': 10, 'min_learning_rate': 2e-06, 'optimizer': 'adam', 'patience': 50, 'steps': [20, 30, 40, 50], 'test_every_n_epochs': 10}}
2020-06-01 17:10:03,799 - model.dcrnn_supervisor - INFO - ('x_train', (23974, 12, 207, 2))
2020-06-01 17:10:03,799 - model.dcrnn_supervisor - INFO - ('y_train', (23974, 12, 207, 2))
2020-06-01 17:10:03,800 - model.dcrnn_supervisor - INFO - ('x_val', (3425, 12, 207, 2))
2020-06-01 17:10:03,800 - model.dcrnn_supervisor - INFO - ('y_val', (3425, 12, 207, 2))
2020-06-01 17:10:03,800 - model.dcrnn_supervisor - INFO - ('x_test', (6850, 12, 207, 2))
2020-06-01 17:10:03,800 - model.dcrnn_supervisor - INFO - ('y_test', (6850, 12, 207, 2))
2020-06-01 17:10:42,889 - model.dcrnn_supervisor - INFO - Total number of trainable parameters: 372352
2020-06-01 17:10:45,798 - model.dcrnn_supervisor - INFO - Start training ...
2020-06-01 17:25:14,026 - model.dcrnn_supervisor - INFO - Epoch [0/100] (375) train_mae: 2.7773, val_mae: 3.5084 lr:0.010000 868.0s
2020-06-01 17:25:14,346 - model.dcrnn_supervisor - INFO - Val loss decrease from inf to 3.5084, saving to data/model/dcrnn_L_2_h_12_64-64_lr_0.01_bs_64_0601170951/models-3.5084-375
2020-06-01 17:39:49,112 - model.dcrnn_supervisor - INFO - Epoch [1/100] (750) train_mae: 2.3350, val_mae: 3.2765 lr:0.010000 874.8s
2020-06-01 17:39:49,141 - model.dcrnn_supervisor - INFO - Val loss decrease from 3.5084 to 3.2765, saving to data/model/dcrnn_L_2_h_12_64-64_lr_0.01_bs_64_0601170951/models-3.2765-750
2020-06-01 17:54:25,462 - model.dcrnn_supervisor - INFO - Epoch [2/100] (1125) train_mae: 2.2605, val_mae: 3.2068 lr:0.010000 876.3s
2020-06-01 17:54:25,492 - model.dcrnn_supervisor - INFO - Val loss decrease from 3.2765 to 3.2068, saving to data/model/dcrnn_L_2_h_12_64-64_lr_0.01_bs_64_0601170951/models-3.2068-1125
2020-06-01 18:09:01,217 - model.dcrnn_supervisor - INFO - Epoch [3/100] (1500) train_mae: 2.2046, val_mae: 3.1113 lr:0.010000 875.7s
2020-06-01 18:09:01,246 - model.dcrnn_supervisor - INFO - Val loss decrease from 3.2068 to 3.1113, saving to data/model/dcrnn_L_2_h_12_64-64_lr_0.01_bs_64_0601170951/models-3.1113-1500
2020-06-01 18:23:28,499 - model.dcrnn_supervisor - INFO - Epoch [4/100] (1875) train_mae: 2.1678, val_mae: 3.1298 lr:0.010000 867.3s
2020-06-01 18:37:56,620 - model.dcrnn_supervisor - INFO - Epoch [5/100] (2250) train_mae: 2.1378, val_mae: 3.0759 lr:0.010000 868.1s
2020-06-01 18:37:56,642 - model.dcrnn_supervisor - INFO - Val loss decrease from 3.1113 to 3.0759, saving to data/model/dcrnn_L_2_h_12_64-64_lr_0.01_bs_64_0601170951/models-3.0759-2250
2020-06-01 18:52:27,898 - model.dcrnn_supervisor - INFO - Epoch [6/100] (2625) train_mae: 2.1153, val_mae: 3.0370 lr:0.010000 871.3s
2020-06-01 18:52:27,920 - model.dcrnn_supervisor - INFO - Val loss decrease from 3.0759 to 3.0370, saving to data/model/dcrnn_L_2_h_12_64-64_lr_0.01_bs_64_0601170951/models-3.0370-2625
2020-06-01 19:06:54,134 - model.dcrnn_supervisor - INFO - Epoch [7/100] (3000) train_mae: 2.0974, val_mae: 2.9348 lr:0.010000 866.2s
2020-06-01 19:06:54,151 - model.dcrnn_supervisor - INFO - Val loss decrease from 3.0370 to 2.9348, saving to data/model/dcrnn_L_2_h_12_64-64_lr_0.01_bs_64_0601170951/models-2.9348-3000
2020-06-01 19:21:19,025 - model.dcrnn_supervisor - INFO - Epoch [8/100] (3375) train_mae: 2.0814, val_mae: 2.9488 lr:0.010000 864.9s
2020-06-01 19:35:45,380 - model.dcrnn_supervisor - INFO - Epoch [9/100] (3750) train_mae: 2.0702, val_mae: 3.0439 lr:0.010000 866.4s
2020-06-01 19:37:55,224 - model.dcrnn_supervisor - INFO - Horizon 01, MAE: 2.26, MAPE: 0.0547, RMSE: 3.88
2020-06-01 19:37:55,424 - model.dcrnn_supervisor - INFO - Horizon 02, MAE: 2.59, MAPE: 0.0666, RMSE: 4.79
2020-06-01 19:37:55,619 - model.dcrnn_supervisor - INFO - Horizon 03, MAE: 2.83, MAPE: 0.0765, RMSE: 5.48
2020-06-01 19:37:55,813 - model.dcrnn_supervisor - INFO - Horizon 04, MAE: 3.03, MAPE: 0.0856, RMSE: 6.06
2020-06-01 19:37:56,012 - model.dcrnn_supervisor - INFO - Horizon 05, MAE: 3.22, MAPE: 0.0941, RMSE: 6.56
2020-06-01 19:37:56,174 - model.dcrnn_supervisor - INFO - Horizon 06, MAE: 3.39, MAPE: 0.1019, RMSE: 7.00
2020-06-01 19:37:56,314 - model.dcrnn_supervisor - INFO - Horizon 07, MAE: 3.54, MAPE: 0.1090, RMSE: 7.38
2020-06-01 19:37:56,457 - model.dcrnn_supervisor - INFO - Horizon 08, MAE: 3.69, MAPE: 0.1156, RMSE: 7.71
2020-06-01 19:37:56,595 - model.dcrnn_supervisor - INFO - Horizon 09, MAE: 3.82, MAPE: 0.1219, RMSE: 8.01
2020-06-01 19:37:56,738 - model.dcrnn_supervisor - INFO - Horizon 10, MAE: 3.94, MAPE: 0.1278, RMSE: 8.28
2020-06-01 19:37:56,877 - model.dcrnn_supervisor - INFO - Horizon 11, MAE: 4.06, MAPE: 0.1332, RMSE: 8.53
2020-06-01 19:37:57,016 - model.dcrnn_supervisor - INFO - Horizon 12, MAE: 4.17, MAPE: 0.1381, RMSE: 8.74
2020-06-01 19:52:27,310 - model.dcrnn_supervisor - INFO - Epoch [10/100] (4125) train_mae: 2.0571, val_mae: 2.9963 lr:0.010000 870.3s
2020-06-01 20:06:57,774 - model.dcrnn_supervisor - INFO - Epoch [11/100] (4500) train_mae: 2.0457, val_mae: 2.9586 lr:0.010000 870.5s
2020-06-01 20:21:26,371 - model.dcrnn_supervisor - INFO - Epoch [12/100] (4875) train_mae: 2.0376, val_mae: 2.9268 lr:0.010000 868.6s
2020-06-01 20:21:26,389 - model.dcrnn_supervisor - INFO - Val loss decrease from 2.9348 to 2.9268, saving to data/model/dcrnn_L_2_h_12_64-64_lr_0.01_bs_64_0601170951/models-2.9268-4875
2020-06-01 20:35:58,834 - model.dcrnn_supervisor - INFO - Epoch [13/100] (5250) train_mae: 2.0280, val_mae: 2.9322 lr:0.010000 872.4s
2020-06-01 20:50:30,677 - model.dcrnn_supervisor - INFO - Epoch [14/100] (5625) train_mae: 2.0229, val_mae: 3.0510 lr:0.010000 871.8s
2020-06-01 21:04:56,257 - model.dcrnn_supervisor - INFO - Epoch [15/100] (6000) train_mae: 2.0174, val_mae: 2.9215 lr:0.010000 865.6s
2020-06-01 21:04:56,299 - model.dcrnn_supervisor - INFO - Val loss decrease from 2.9268 to 2.9215, saving to data/model/dcrnn_L_2_h_12_64-64_lr_0.01_bs_64_0601170951/models-2.9215-6000
2020-06-01 21:19:30,249 - model.dcrnn_supervisor - INFO - Epoch [16/100] (6375) train_mae: 2.0108, val_mae: 2.9517 lr:0.010000 873.9s
2020-06-01 21:33:58,140 - model.dcrnn_supervisor - INFO - Epoch [17/100] (6750) train_mae: 2.0057, val_mae: 2.9484 lr:0.010000 867.9s
2020-06-01 21:48:24,871 - model.dcrnn_supervisor - INFO - Epoch [18/100] (7125) train_mae: 2.0029, val_mae: 2.9202 lr:0.010000 866.7s
2020-06-01 21:48:24,895 - model.dcrnn_supervisor - INFO - Val loss decrease from 2.9215 to 2.9202, saving to data/model/dcrnn_L_2_h_12_64-64_lr_0.01_bs_64_0601170951/models-2.9202-7125
2020-06-01 22:02:53,363 - model.dcrnn_supervisor - INFO - Epoch [19/100] (7500) train_mae: 1.9965, val_mae: 2.9153 lr:0.010000 868.5s
2020-06-01 22:04:51,763 - model.dcrnn_supervisor - INFO - Horizon 01, MAE: 2.21, MAPE: 0.0527, RMSE: 3.83
2020-06-01 22:04:51,904 - model.dcrnn_supervisor - INFO - Horizon 02, MAE: 2.52, MAPE: 0.0634, RMSE: 4.71
2020-06-01 22:04:52,041 - model.dcrnn_supervisor - INFO - Horizon 03, MAE: 2.74, MAPE: 0.0717, RMSE: 5.35
2020-06-01 22:04:52,173 - model.dcrnn_supervisor - INFO - Horizon 04, MAE: 2.92, MAPE: 0.0790, RMSE: 5.88
2020-06-01 22:04:52,306 - model.dcrnn_supervisor - INFO - Horizon 05, MAE: 3.08, MAPE: 0.0856, RMSE: 6.31
2020-06-01 22:04:52,437 - model.dcrnn_supervisor - INFO - Horizon 06, MAE: 3.22, MAPE: 0.0915, RMSE: 6.69
2020-06-01 22:04:52,562 - model.dcrnn_supervisor - INFO - Horizon 07, MAE: 3.35, MAPE: 0.0969, RMSE: 7.03
2020-06-01 22:04:52,684 - model.dcrnn_supervisor - INFO - Horizon 08, MAE: 3.47, MAPE: 0.1019, RMSE: 7.34
2020-06-01 22:04:52,807 - model.dcrnn_supervisor - INFO - Horizon 09, MAE: 3.59, MAPE: 0.1064, RMSE: 7.61
2020-06-01 22:04:52,941 - model.dcrnn_supervisor - INFO - Horizon 10, MAE: 3.69, MAPE: 0.1106, RMSE: 7.86
2020-06-01 22:04:53,081 - model.dcrnn_supervisor - INFO - Horizon 11, MAE: 3.79, MAPE: 0.1146, RMSE: 8.09
2020-06-01 22:04:53,209 - model.dcrnn_supervisor - INFO - Horizon 12, MAE: 3.89, MAPE: 0.1185, RMSE: 8.31
2020-06-01 22:04:53,238 - model.dcrnn_supervisor - INFO - Val loss decrease from 2.9202 to 2.9153, saving to data/model/dcrnn_L_2_h_12_64-64_lr_0.01_bs_64_0601170951/models-2.9153-7500
2020-06-01 22:19:19,873 - model.dcrnn_supervisor - INFO - Epoch [20/100] (7875) train_mae: 1.9710, val_mae: 2.8259 lr:0.001000 866.6s
2020-06-01 22:19:19,905 - model.dcrnn_supervisor - INFO - Val loss decrease from 2.9153 to 2.8259, saving to data/model/dcrnn_L_2_h_12_64-64_lr_0.01_bs_64_0601170951/models-2.8259-7875
2020-06-01 22:33:49,709 - model.dcrnn_supervisor - INFO - Epoch [21/100] (8250) train_mae: 1.9668, val_mae: 2.8250 lr:0.001000 869.8s
2020-06-01 22:33:49,739 - model.dcrnn_supervisor - INFO - Val loss decrease from 2.8259 to 2.8250, saving to data/model/dcrnn_L_2_h_12_64-64_lr_0.01_bs_64_0601170951/models-2.8250-8250
2020-06-01 22:48:24,489 - model.dcrnn_supervisor - INFO - Epoch [22/100] (8625) train_mae: 1.9678, val_mae: 2.8294 lr:0.001000 874.7s
2020-06-01 23:02:57,748 - model.dcrnn_supervisor - INFO - Epoch [23/100] (9000) train_mae: 1.9711, val_mae: 2.8291 lr:0.001000 873.3s
2020-06-01 23:17:39,249 - model.dcrnn_supervisor - INFO - Epoch [24/100] (9375) train_mae: 1.9714, val_mae: 2.8298 lr:0.001000 881.5s
2020-06-01 23:32:05,986 - model.dcrnn_supervisor - INFO - Epoch [25/100] (9750) train_mae: 1.9742, val_mae: 2.8302 lr:0.001000 866.7s
2020-06-01 23:46:36,238 - model.dcrnn_supervisor - INFO - Epoch [26/100] (10125) train_mae: 1.9760, val_mae: 2.8279 lr:0.001000 870.2s
2020-06-02 00:01:02,171 - model.dcrnn_supervisor - INFO - Epoch [27/100] (10500) train_mae: 1.9774, val_mae: 2.8232 lr:0.001000 865.9s
2020-06-02 00:01:02,202 - model.dcrnn_supervisor - INFO - Val loss decrease from 2.8250 to 2.8232, saving to data/model/dcrnn_L_2_h_12_64-64_lr_0.01_bs_64_0601170951/models-2.8232-10500
2020-06-02 00:15:34,921 - model.dcrnn_supervisor - INFO - Epoch [28/100] (10875) train_mae: 1.9862, val_mae: 2.8335 lr:0.001000 872.7s
2020-06-02 00:30:08,560 - model.dcrnn_supervisor - INFO - Epoch [29/100] (11250) train_mae: 1.9912, val_mae: 2.8157 lr:0.001000 873.6s
2020-06-02 00:32:08,095 - model.dcrnn_supervisor - INFO - Horizon 01, MAE: 2.19, MAPE: 0.0524, RMSE: 3.81
2020-06-02 00:32:08,244 - model.dcrnn_supervisor - INFO - Horizon 02, MAE: 2.49, MAPE: 0.0624, RMSE: 4.67
2020-06-02 00:32:08,382 - model.dcrnn_supervisor - INFO - Horizon 03, MAE: 2.69, MAPE: 0.0699, RMSE: 5.27
2020-06-02 00:32:08,519 - model.dcrnn_supervisor - INFO - Horizon 04, MAE: 2.85, MAPE: 0.0761, RMSE: 5.74
2020-06-02 00:32:08,657 - model.dcrnn_supervisor - INFO - Horizon 05, MAE: 2.99, MAPE: 0.0816, RMSE: 6.11
2020-06-02 00:32:08,788 - model.dcrnn_supervisor - INFO - Horizon 06, MAE: 3.11, MAPE: 0.0865, RMSE: 6.44
2020-06-02 00:32:08,922 - model.dcrnn_supervisor - INFO - Horizon 07, MAE: 3.22, MAPE: 0.0909, RMSE: 6.72
2020-06-02 00:32:09,052 - model.dcrnn_supervisor - INFO - Horizon 08, MAE: 3.32, MAPE: 0.0949, RMSE: 6.98
2020-06-02 00:32:09,184 - model.dcrnn_supervisor - INFO - Horizon 09, MAE: 3.42, MAPE: 0.0985, RMSE: 7.20
2020-06-02 00:32:09,310 - model.dcrnn_supervisor - INFO - Horizon 10, MAE: 3.50, MAPE: 0.1017, RMSE: 7.40
2020-06-02 00:32:09,432 - model.dcrnn_supervisor - INFO - Horizon 11, MAE: 3.58, MAPE: 0.1047, RMSE: 7.59
2020-06-02 00:32:09,555 - model.dcrnn_supervisor - INFO - Horizon 12, MAE: 3.66, MAPE: 0.1076, RMSE: 7.77
2020-06-02 00:32:09,591 - model.dcrnn_supervisor - INFO - Val loss decrease from 2.8232 to 2.8157, saving to data/model/dcrnn_L_2_h_12_64-64_lr_0.01_bs_64_0601170951/models-2.8157-11250
2020-06-02 00:46:36,288 - model.dcrnn_supervisor - INFO - Epoch [30/100] (11625) train_mae: 1.9948, val_mae: 2.8106 lr:0.000100 866.7s
2020-06-02 00:46:36,327 - model.dcrnn_supervisor - INFO - Val loss decrease from 2.8157 to 2.8106, saving to data/model/dcrnn_L_2_h_12_64-64_lr_0.01_bs_64_0601170951/models-2.8106-11625
2020-06-02 01:01:04,877 - model.dcrnn_supervisor - INFO - Epoch [31/100] (12000) train_mae: 2.0013, val_mae: 2.8103 lr:0.000100 868.5s
2020-06-02 01:01:04,910 - model.dcrnn_supervisor - INFO - Val loss decrease from 2.8106 to 2.8103, saving to data/model/dcrnn_L_2_h_12_64-64_lr_0.01_bs_64_0601170951/models-2.8103-12000
2020-06-02 01:15:45,922 - model.dcrnn_supervisor - INFO - Epoch [32/100] (12375) train_mae: 2.0097, val_mae: 2.8079 lr:0.000100 881.0s
2020-06-02 01:15:45,972 - model.dcrnn_supervisor - INFO - Val loss decrease from 2.8103 to 2.8079, saving to data/model/dcrnn_L_2_h_12_64-64_lr_0.01_bs_64_0601170951/models-2.8079-12375
2020-06-02 01:30:20,204 - model.dcrnn_supervisor - INFO - Epoch [33/100] (12750) train_mae: 2.0240, val_mae: 2.8092 lr:0.000100 874.2s
2020-06-02 01:44:51,535 - model.dcrnn_supervisor - INFO - Epoch [34/100] (13125) train_mae: 2.0376, val_mae: 2.8037 lr:0.000100 871.3s
2020-06-02 01:44:51,588 - model.dcrnn_supervisor - INFO - Val loss decrease from 2.8079 to 2.8037, saving to data/model/dcrnn_L_2_h_12_64-64_lr_0.01_bs_64_0601170951/models-2.8037-13125
2020-06-02 01:59:21,802 - model.dcrnn_supervisor - INFO - Epoch [35/100] (13500) train_mae: 2.0575, val_mae: 2.8056 lr:0.000100 870.2s
2020-06-02 02:13:52,588 - model.dcrnn_supervisor - INFO - Epoch [36/100] (13875) train_mae: 2.0705, val_mae: 2.7995 lr:0.000100 870.8s
2020-06-02 02:13:52,626 - model.dcrnn_supervisor - INFO - Val loss decrease from 2.8037 to 2.7995, saving to data/model/dcrnn_L_2_h_12_64-64_lr_0.01_bs_64_0601170951/models-2.7995-13875
2020-06-02 02:28:22,979 - model.dcrnn_supervisor - INFO - Epoch [37/100] (14250) train_mae: 2.0838, val_mae: 2.7994 lr:0.000100 870.4s
2020-06-02 02:28:23,014 - model.dcrnn_supervisor - INFO - Val loss decrease from 2.7995 to 2.7994, saving to data/model/dcrnn_L_2_h_12_64-64_lr_0.01_bs_64_0601170951/models-2.7994-14250
2020-06-02 02:42:49,421 - model.dcrnn_supervisor - INFO - Epoch [38/100] (14625) train_mae: 2.1076, val_mae: 2.8000 lr:0.000100 866.4s
2020-06-02 02:57:28,488 - model.dcrnn_supervisor - INFO - Epoch [39/100] (15000) train_mae: 2.1330, val_mae: 2.8000 lr:0.000100 879.1s
2020-06-02 02:59:26,693 - model.dcrnn_supervisor - INFO - Horizon 01, MAE: 2.18, MAPE: 0.0520, RMSE: 3.80
2020-06-02 02:59:26,837 - model.dcrnn_supervisor - INFO - Horizon 02, MAE: 2.48, MAPE: 0.0618, RMSE: 4.64
2020-06-02 02:59:26,987 - model.dcrnn_supervisor - INFO - Horizon 03, MAE: 2.68, MAPE: 0.0692, RMSE: 5.23
2020-06-02 02:59:27,126 - model.dcrnn_supervisor - INFO - Horizon 04, MAE: 2.84, MAPE: 0.0754, RMSE: 5.69
2020-06-02 02:59:27,266 - model.dcrnn_supervisor - INFO - Horizon 05, MAE: 2.97, MAPE: 0.0808, RMSE: 6.05
2020-06-02 02:59:27,400 - model.dcrnn_supervisor - INFO - Horizon 06, MAE: 3.08, MAPE: 0.0857, RMSE: 6.37
2020-06-02 02:59:27,528 - model.dcrnn_supervisor - INFO - Horizon 07, MAE: 3.19, MAPE: 0.0900, RMSE: 6.64
2020-06-02 02:59:27,657 - model.dcrnn_supervisor - INFO - Horizon 08, MAE: 3.29, MAPE: 0.0941, RMSE: 6.89
2020-06-02 02:59:27,809 - model.dcrnn_supervisor - INFO - Horizon 09, MAE: 3.38, MAPE: 0.0978, RMSE: 7.11
2020-06-02 02:59:27,954 - model.dcrnn_supervisor - INFO - Horizon 10, MAE: 3.46, MAPE: 0.1012, RMSE: 7.30
2020-06-02 02:59:28,091 - model.dcrnn_supervisor - INFO - Horizon 11, MAE: 3.53, MAPE: 0.1045, RMSE: 7.49
2020-06-02 02:59:28,220 - model.dcrnn_supervisor - INFO - Horizon 12, MAE: 3.61, MAPE: 0.1076, RMSE: 7.66
2020-06-02 03:14:01,866 - model.dcrnn_supervisor - INFO - Epoch [40/100] (15375) train_mae: 2.1591, val_mae: 2.7911 lr:0.000010 873.6s
2020-06-02 03:14:01,901 - model.dcrnn_supervisor - INFO - Val loss decrease from 2.7994 to 2.7911, saving to data/model/dcrnn_L_2_h_12_64-64_lr_0.01_bs_64_0601170951/models-2.7911-15375
2020-06-02 03:28:27,924 - model.dcrnn_supervisor - INFO - Epoch [41/100] (15750) train_mae: 2.1847, val_mae: 2.7912 lr:0.000010 866.0s
2020-06-02 03:43:02,369 - model.dcrnn_supervisor - INFO - Epoch [42/100] (16125) train_mae: 2.2213, val_mae: 2.7901 lr:0.000010 874.4s
2020-06-02 03:43:02,407 - model.dcrnn_supervisor - INFO - Val loss decrease from 2.7911 to 2.7901, saving to data/model/dcrnn_L_2_h_12_64-64_lr_0.01_bs_64_0601170951/models-2.7901-16125
2020-06-02 03:57:33,702 - model.dcrnn_supervisor - INFO - Epoch [43/100] (16500) train_mae: 2.2496, val_mae: 2.7888 lr:0.000010 871.3s
2020-06-02 03:57:33,738 - model.dcrnn_supervisor - INFO - Val loss decrease from 2.7901 to 2.7888, saving to data/model/dcrnn_L_2_h_12_64-64_lr_0.01_bs_64_0601170951/models-2.7888-16500
2020-06-02 04:12:04,937 - model.dcrnn_supervisor - INFO - Epoch [44/100] (16875) train_mae: 2.2825, val_mae: 2.7851 lr:0.000010 871.2s
2020-06-02 04:12:04,975 - model.dcrnn_supervisor - INFO - Val loss decrease from 2.7888 to 2.7851, saving to data/model/dcrnn_L_2_h_12_64-64_lr_0.01_bs_64_0601170951/models-2.7851-16875
2020-06-02 04:26:35,969 - model.dcrnn_supervisor - INFO - Epoch [45/100] (17250) train_mae: 2.3102, val_mae: 2.7845 lr:0.000010 871.0s
2020-06-02 04:26:36,015 - model.dcrnn_supervisor - INFO - Val loss decrease from 2.7851 to 2.7845, saving to data/model/dcrnn_L_2_h_12_64-64_lr_0.01_bs_64_0601170951/models-2.7845-17250
2020-06-02 04:41:03,867 - model.dcrnn_supervisor - INFO - Epoch [46/100] (17625) train_mae: 2.3625, val_mae: 2.7830 lr:0.000010 867.8s
2020-06-02 04:41:03,902 - model.dcrnn_supervisor - INFO - Val loss decrease from 2.7845 to 2.7830, saving to data/model/dcrnn_L_2_h_12_64-64_lr_0.01_bs_64_0601170951/models-2.7830-17625
2020-06-02 04:55:34,201 - model.dcrnn_supervisor - INFO - Epoch [47/100] (18000) train_mae: 2.3741, val_mae: 2.7827 lr:0.000010 870.3s
2020-06-02 04:55:34,235 - model.dcrnn_supervisor - INFO - Val loss decrease from 2.7830 to 2.7827, saving to data/model/dcrnn_L_2_h_12_64-64_lr_0.01_bs_64_0601170951/models-2.7827-18000
2020-06-02 05:10:02,191 - model.dcrnn_supervisor - INFO - Epoch [48/100] (18375) train_mae: 2.4111, val_mae: 2.7838 lr:0.000010 868.0s
2020-06-02 05:24:37,872 - model.dcrnn_supervisor - INFO - Epoch [49/100] (18750) train_mae: 2.4568, val_mae: 2.7812 lr:0.000010 875.7s
2020-06-02 05:26:38,413 - model.dcrnn_supervisor - INFO - Horizon 01, MAE: 2.18, MAPE: 0.0521, RMSE: 3.80
2020-06-02 05:26:38,579 - model.dcrnn_supervisor - INFO - Horizon 02, MAE: 2.48, MAPE: 0.0617, RMSE: 4.63
2020-06-02 05:26:38,716 - model.dcrnn_supervisor - INFO - Horizon 03, MAE: 2.68, MAPE: 0.0688, RMSE: 5.21
2020-06-02 05:26:38,848 - model.dcrnn_supervisor - INFO - Horizon 04, MAE: 2.83, MAPE: 0.0747, RMSE: 5.67
2020-06-02 05:26:38,981 - model.dcrnn_supervisor - INFO - Horizon 05, MAE: 2.96, MAPE: 0.0798, RMSE: 6.03
2020-06-02 05:26:39,110 - model.dcrnn_supervisor - INFO - Horizon 06, MAE: 3.08, MAPE: 0.0843, RMSE: 6.33
2020-06-02 05:26:39,238 - model.dcrnn_supervisor - INFO - Horizon 07, MAE: 3.18, MAPE: 0.0883, RMSE: 6.60
2020-06-02 05:26:39,362 - model.dcrnn_supervisor - INFO - Horizon 08, MAE: 3.27, MAPE: 0.0920, RMSE: 6.83
2020-06-02 05:26:39,484 - model.dcrnn_supervisor - INFO - Horizon 09, MAE: 3.36, MAPE: 0.0954, RMSE: 7.05
2020-06-02 05:26:39,607 - model.dcrnn_supervisor - INFO - Horizon 10, MAE: 3.43, MAPE: 0.0984, RMSE: 7.23
2020-06-02 05:26:39,731 - model.dcrnn_supervisor - INFO - Horizon 11, MAE: 3.50, MAPE: 0.1012, RMSE: 7.40
2020-06-02 05:26:39,856 - model.dcrnn_supervisor - INFO - Horizon 12, MAE: 3.57, MAPE: 0.1040, RMSE: 7.57
2020-06-02 05:26:39,887 - model.dcrnn_supervisor - INFO - Val loss decrease from 2.7827 to 2.7812, saving to data/model/dcrnn_L_2_h_12_64-64_lr_0.01_bs_64_0601170951/models-2.7812-18750
2020-06-02 05:41:11,961 - model.dcrnn_supervisor - INFO - Epoch [50/100] (19125) train_mae: 2.4861, val_mae: 2.7811 lr:0.000002 872.1s
2020-06-02 05:41:12,002 - model.dcrnn_supervisor - INFO - Val loss decrease from 2.7812 to 2.7811, saving to data/model/dcrnn_L_2_h_12_64-64_lr_0.01_bs_64_0601170951/models-2.7811-19125
2020-06-02 05:55:42,456 - model.dcrnn_supervisor - INFO - Epoch [51/100] (19500) train_mae: 2.4988, val_mae: 2.7804 lr:0.000002 870.4s
2020-06-02 05:55:42,515 - model.dcrnn_supervisor - INFO - Val loss decrease from 2.7811 to 2.7804, saving to data/model/dcrnn_L_2_h_12_64-64_lr_0.01_bs_64_0601170951/models-2.7804-19500
2020-06-02 06:10:16,453 - model.dcrnn_supervisor - INFO - Epoch [52/100] (19875) train_mae: 2.5414, val_mae: 2.7800 lr:0.000002 873.9s
2020-06-02 06:10:16,509 - model.dcrnn_supervisor - INFO - Val loss decrease from 2.7804 to 2.7800, saving to data/model/dcrnn_L_2_h_12_64-64_lr_0.01_bs_64_0601170951/models-2.7800-19875
2020-06-02 06:24:51,504 - model.dcrnn_supervisor - INFO - Epoch [53/100] (20250) train_mae: 2.5574, val_mae: 2.7800 lr:0.000002 875.0s
2020-06-02 06:24:51,547 - model.dcrnn_supervisor - INFO - Val loss decrease from 2.7800 to 2.7800, saving to data/model/dcrnn_L_2_h_12_64-64_lr_0.01_bs_64_0601170951/models-2.7800-20250
2020-06-02 06:39:20,878 - model.dcrnn_supervisor - INFO - Epoch [54/100] (20625) train_mae: 2.5799, val_mae: 2.7805 lr:0.000002 869.3s
2020-06-02 06:53:51,223 - model.dcrnn_supervisor - INFO - Epoch [55/100] (21000) train_mae: 2.6095, val_mae: 2.7804 lr:0.000002 870.3s
2020-06-02 07:08:29,192 - model.dcrnn_supervisor - INFO - Epoch [56/100] (21375) train_mae: 2.6044, val_mae: 2.7801 lr:0.000002 878.0s
2020-06-02 07:23:00,872 - model.dcrnn_supervisor - INFO - Epoch [57/100] (21750) train_mae: 2.6264, val_mae: 2.7807 lr:0.000002 871.7s
2020-06-02 07:37:32,294 - model.dcrnn_supervisor - INFO - Epoch [58/100] (22125) train_mae: 2.6346, val_mae: 2.7807 lr:0.000002 871.4s
2020-06-02 07:52:08,951 - model.dcrnn_supervisor - INFO - Epoch [59/100] (22500) train_mae: 2.6419, val_mae: 2.7809 lr:0.000002 876.7s
2020-06-02 07:54:04,936 - model.dcrnn_supervisor - INFO - Horizon 01, MAE: 2.19, MAPE: 0.0522, RMSE: 3.80
2020-06-02 07:54:05,087 - model.dcrnn_supervisor - INFO - Horizon 02, MAE: 2.48, MAPE: 0.0618, RMSE: 4.64
2020-06-02 07:54:05,236 - model.dcrnn_supervisor - INFO - Horizon 03, MAE: 2.68, MAPE: 0.0690, RMSE: 5.22
2020-06-02 07:54:05,384 - model.dcrnn_supervisor - INFO - Horizon 04, MAE: 2.84, MAPE: 0.0749, RMSE: 5.67
2020-06-02 07:54:05,533 - model.dcrnn_supervisor - INFO - Horizon 05, MAE: 2.97, MAPE: 0.0801, RMSE: 6.03
2020-06-02 07:54:05,664 - model.dcrnn_supervisor - INFO - Horizon 06, MAE: 3.08, MAPE: 0.0845, RMSE: 6.33
2020-06-02 07:54:05,796 - model.dcrnn_supervisor - INFO - Horizon 07, MAE: 3.18, MAPE: 0.0886, RMSE: 6.60
2020-06-02 07:54:05,927 - model.dcrnn_supervisor - INFO - Horizon 08, MAE: 3.27, MAPE: 0.0922, RMSE: 6.83
2020-06-02 07:54:06,054 - model.dcrnn_supervisor - INFO - Horizon 09, MAE: 3.36, MAPE: 0.0955, RMSE: 7.04
2020-06-02 07:54:06,183 - model.dcrnn_supervisor - INFO - Horizon 10, MAE: 3.43, MAPE: 0.0986, RMSE: 7.22
2020-06-02 07:54:06,314 - model.dcrnn_supervisor - INFO - Horizon 11, MAE: 3.50, MAPE: 0.1014, RMSE: 7.39
2020-06-02 07:54:06,444 - model.dcrnn_supervisor - INFO - Horizon 12, MAE: 3.57, MAPE: 0.1041, RMSE: 7.55
2020-06-02 08:08:38,040 - model.dcrnn_supervisor - INFO - Epoch [60/100] (22875) train_mae: 2.6541, val_mae: 2.7812 lr:0.000002 871.6s
2020-06-02 08:23:07,472 - model.dcrnn_supervisor - INFO - Epoch [61/100] (23250) train_mae: 2.6537, val_mae: 2.7809 lr:0.000002 869.4s
2020-06-02 08:37:42,127 - model.dcrnn_supervisor - INFO - Epoch [62/100] (23625) train_mae: 2.6623, val_mae: 2.7808 lr:0.000002 874.7s
2020-06-02 08:52:15,051 - model.dcrnn_supervisor - INFO - Epoch [63/100] (24000) train_mae: 2.6661, val_mae: 2.7809 lr:0.000002 872.9s
2020-06-02 09:06:52,247 - model.dcrnn_supervisor - INFO - Epoch [64/100] (24375) train_mae: 2.6672, val_mae: 2.7810 lr:0.000002 877.2s
2020-06-02 09:21:22,343 - model.dcrnn_supervisor - INFO - Epoch [65/100] (24750) train_mae: 2.6780, val_mae: 2.7809 lr:0.000002 870.1s
2020-06-02 09:35:56,436 - model.dcrnn_supervisor - INFO - Epoch [66/100] (25125) train_mae: 2.6770, val_mae: 2.7810 lr:0.000002 874.1s
2020-06-02 09:50:29,358 - model.dcrnn_supervisor - INFO - Epoch [67/100] (25500) train_mae: 2.6780, val_mae: 2.7810 lr:0.000002 872.9s
2020-06-02 10:05:03,743 - model.dcrnn_supervisor - INFO - Epoch [68/100] (25875) train_mae: 2.6784, val_mae: 2.7811 lr:0.000002 874.4s
2020-06-02 10:19:36,592 - model.dcrnn_supervisor - INFO - Epoch [69/100] (26250) train_mae: 2.6810, val_mae: 2.7812 lr:0.000002 872.8s
2020-06-02 10:21:34,209 - model.dcrnn_supervisor - INFO - Horizon 01, MAE: 2.19, MAPE: 0.0522, RMSE: 3.80
2020-06-02 10:21:34,373 - model.dcrnn_supervisor - INFO - Horizon 02, MAE: 2.48, MAPE: 0.0618, RMSE: 4.64
2020-06-02 10:21:34,522 - model.dcrnn_supervisor - INFO - Horizon 03, MAE: 2.68, MAPE: 0.0690, RMSE: 5.22
2020-06-02 10:21:34,666 - model.dcrnn_supervisor - INFO - Horizon 04, MAE: 2.84, MAPE: 0.0750, RMSE: 5.67
2020-06-02 10:21:34,806 - model.dcrnn_supervisor - INFO - Horizon 05, MAE: 2.97, MAPE: 0.0801, RMSE: 6.03
2020-06-02 10:21:34,948 - model.dcrnn_supervisor - INFO - Horizon 06, MAE: 3.08, MAPE: 0.0845, RMSE: 6.33
2020-06-02 10:21:35,089 - model.dcrnn_supervisor - INFO - Horizon 07, MAE: 3.18, MAPE: 0.0885, RMSE: 6.60
2020-06-02 10:21:35,222 - model.dcrnn_supervisor - INFO - Horizon 08, MAE: 3.27, MAPE: 0.0921, RMSE: 6.83
2020-06-02 10:21:35,355 - model.dcrnn_supervisor - INFO - Horizon 09, MAE: 3.36, MAPE: 0.0954, RMSE: 7.04
2020-06-02 10:21:35,489 - model.dcrnn_supervisor - INFO - Horizon 10, MAE: 3.43, MAPE: 0.0984, RMSE: 7.22
2020-06-02 10:21:35,624 - model.dcrnn_supervisor - INFO - Horizon 11, MAE: 3.50, MAPE: 0.1012, RMSE: 7.39
2020-06-02 10:21:35,758 - model.dcrnn_supervisor - INFO - Horizon 12, MAE: 3.57, MAPE: 0.1039, RMSE: 7.55
2020-06-02 10:36:08,007 - model.dcrnn_supervisor - INFO - Epoch [70/100] (26625) train_mae: 2.6814, val_mae: 2.7812 lr:0.000002 872.2s
2020-06-02 10:50:40,922 - model.dcrnn_supervisor - INFO - Epoch [71/100] (27000) train_mae: 2.6812, val_mae: 2.7813 lr:0.000002 872.9s
2020-06-02 11:05:17,755 - model.dcrnn_supervisor - INFO - Epoch [72/100] (27375) train_mae: 2.6806, val_mae: 2.7815 lr:0.000002 876.8s
2020-06-02 11:19:55,395 - model.dcrnn_supervisor - INFO - Epoch [73/100] (27750) train_mae: 2.6820, val_mae: 2.7815 lr:0.000002 877.6s
2020-06-02 11:34:31,564 - model.dcrnn_supervisor - INFO - Epoch [74/100] (28125) train_mae: 2.6831, val_mae: 2.7816 lr:0.000002 876.2s
2020-06-02 11:49:12,114 - model.dcrnn_supervisor - INFO - Epoch [75/100] (28500) train_mae: 2.6837, val_mae: 2.7817 lr:0.000002 880.5s
2020-06-02 12:03:45,083 - model.dcrnn_supervisor - INFO - Epoch [76/100] (28875) train_mae: 2.6834, val_mae: 2.7818 lr:0.000002 873.0s
2020-06-02 12:18:23,276 - model.dcrnn_supervisor - INFO - Epoch [77/100] (29250) train_mae: 2.6807, val_mae: 2.7819 lr:0.000002 878.2s
2020-06-02 12:33:05,283 - model.dcrnn_supervisor - INFO - Epoch [78/100] (29625) train_mae: 2.6819, val_mae: 2.7820 lr:0.000002 882.0s
2020-06-02 12:47:43,660 - model.dcrnn_supervisor - INFO - Epoch [79/100] (30000) train_mae: 2.6815, val_mae: 2.7820 lr:0.000002 878.4s
2020-06-02 12:49:41,488 - model.dcrnn_supervisor - INFO - Horizon 01, MAE: 2.19, MAPE: 0.0522, RMSE: 3.80
2020-06-02 12:49:41,653 - model.dcrnn_supervisor - INFO - Horizon 02, MAE: 2.48, MAPE: 0.0619, RMSE: 4.64
2020-06-02 12:49:41,816 - model.dcrnn_supervisor - INFO - Horizon 03, MAE: 2.68, MAPE: 0.0691, RMSE: 5.22
2020-06-02 12:49:41,968 - model.dcrnn_supervisor - INFO - Horizon 04, MAE: 2.84, MAPE: 0.0750, RMSE: 5.67
2020-06-02 12:49:42,113 - model.dcrnn_supervisor - INFO - Horizon 05, MAE: 2.97, MAPE: 0.0801, RMSE: 6.03
2020-06-02 12:49:42,258 - model.dcrnn_supervisor - INFO - Horizon 06, MAE: 3.08, MAPE: 0.0846, RMSE: 6.34
2020-06-02 12:49:42,395 - model.dcrnn_supervisor - INFO - Horizon 07, MAE: 3.18, MAPE: 0.0885, RMSE: 6.60
2020-06-02 12:49:42,529 - model.dcrnn_supervisor - INFO - Horizon 08, MAE: 3.27, MAPE: 0.0921, RMSE: 6.83
2020-06-02 12:49:42,669 - model.dcrnn_supervisor - INFO - Horizon 09, MAE: 3.36, MAPE: 0.0954, RMSE: 7.04
2020-06-02 12:49:42,813 - model.dcrnn_supervisor - INFO - Horizon 10, MAE: 3.43, MAPE: 0.0984, RMSE: 7.22
2020-06-02 12:49:42,963 - model.dcrnn_supervisor - INFO - Horizon 11, MAE: 3.50, MAPE: 0.1013, RMSE: 7.39
2020-06-02 12:49:43,108 - model.dcrnn_supervisor - INFO - Horizon 12, MAE: 3.57, MAPE: 0.1039, RMSE: 7.55
2020-06-02 13:04:13,798 - model.dcrnn_supervisor - INFO - Epoch [80/100] (30375) train_mae: 2.6822, val_mae: 2.7821 lr:0.000002 870.7s
2020-06-02 13:18:49,968 - model.dcrnn_supervisor - INFO - Epoch [81/100] (30750) train_mae: 2.6812, val_mae: 2.7823 lr:0.000002 876.2s
2020-06-02 13:33:23,169 - model.dcrnn_supervisor - INFO - Epoch [82/100] (31125) train_mae: 2.6809, val_mae: 2.7823 lr:0.000002 873.2s
2020-06-02 13:48:01,640 - model.dcrnn_supervisor - INFO - Epoch [83/100] (31500) train_mae: 2.6804, val_mae: 2.7825 lr:0.000002 878.5s
2020-06-02 14:02:39,795 - model.dcrnn_supervisor - INFO - Epoch [84/100] (31875) train_mae: 2.6809, val_mae: 2.7826 lr:0.000002 878.2s
2020-06-02 14:17:16,307 - model.dcrnn_supervisor - INFO - Epoch [85/100] (32250) train_mae: 2.6802, val_mae: 2.7827 lr:0.000002 876.5s
2020-06-02 14:31:46,740 - model.dcrnn_supervisor - INFO - Epoch [86/100] (32625) train_mae: 2.6800, val_mae: 2.7828 lr:0.000002 870.4s
2020-06-02 14:46:22,490 - model.dcrnn_supervisor - INFO - Epoch [87/100] (33000) train_mae: 2.6795, val_mae: 2.7829 lr:0.000002 875.7s
2020-06-02 15:01:01,602 - model.dcrnn_supervisor - INFO - Epoch [88/100] (33375) train_mae: 2.6791, val_mae: 2.7830 lr:0.000002 879.1s
2020-06-02 15:15:36,443 - model.dcrnn_supervisor - INFO - Epoch [89/100] (33750) train_mae: 2.6787, val_mae: 2.7830 lr:0.000002 874.8s
2020-06-02 15:17:34,986 - model.dcrnn_supervisor - INFO - Horizon 01, MAE: 2.19, MAPE: 0.0522, RMSE: 3.80
2020-06-02 15:17:35,145 - model.dcrnn_supervisor - INFO - Horizon 02, MAE: 2.48, MAPE: 0.0619, RMSE: 4.64
2020-06-02 15:17:35,290 - model.dcrnn_supervisor - INFO - Horizon 03, MAE: 2.68, MAPE: 0.0691, RMSE: 5.22
2020-06-02 15:17:35,445 - model.dcrnn_supervisor - INFO - Horizon 04, MAE: 2.84, MAPE: 0.0751, RMSE: 5.68
2020-06-02 15:17:35,616 - model.dcrnn_supervisor - INFO - Horizon 05, MAE: 2.97, MAPE: 0.0802, RMSE: 6.04
2020-06-02 15:17:35,780 - model.dcrnn_supervisor - INFO - Horizon 06, MAE: 3.08, MAPE: 0.0846, RMSE: 6.34
2020-06-02 15:17:35,932 - model.dcrnn_supervisor - INFO - Horizon 07, MAE: 3.18, MAPE: 0.0886, RMSE: 6.60
2020-06-02 15:17:36,082 - model.dcrnn_supervisor - INFO - Horizon 08, MAE: 3.28, MAPE: 0.0922, RMSE: 6.83
2020-06-02 15:17:36,237 - model.dcrnn_supervisor - INFO - Horizon 09, MAE: 3.36, MAPE: 0.0955, RMSE: 7.04
2020-06-02 15:17:36,374 - model.dcrnn_supervisor - INFO - Horizon 10, MAE: 3.43, MAPE: 0.0985, RMSE: 7.23
2020-06-02 15:17:36,515 - model.dcrnn_supervisor - INFO - Horizon 11, MAE: 3.50, MAPE: 0.1013, RMSE: 7.40
2020-06-02 15:17:36,661 - model.dcrnn_supervisor - INFO - Horizon 12, MAE: 3.57, MAPE: 0.1040, RMSE: 7.56
2020-06-02 15:32:05,560 - model.dcrnn_supervisor - INFO - Epoch [90/100] (34125) train_mae: 2.6783, val_mae: 2.7832 lr:0.000002 868.9s
2020-06-02 15:46:43,744 - model.dcrnn_supervisor - INFO - Epoch [91/100] (34500) train_mae: 2.6779, val_mae: 2.7832 lr:0.000002 878.2s
2020-06-02 16:01:26,263 - model.dcrnn_supervisor - INFO - Epoch [92/100] (34875) train_mae: 2.6775, val_mae: 2.7834 lr:0.000002 882.5s
