2020-05-28 11:03:07,771 - model.dcrnn_supervisor - INFO - Log directory: data/model/dcrnn_DR_2_h_12_64-64_lr_0.01_bs_64_0528110307/
2020-05-28 11:03:07,773 - model.dcrnn_supervisor - INFO - {'base_dir': 'data/model', 'log_level': 'INFO', 'data': {'batch_size': 64, 'dataset_dir': 'data/METR-LA', 'test_batch_size': 64, 'val_batch_size': 64, 'graph_pkl_filename': 'data/sensor_graph/adj_mx.pkl'}, 'model': {'cl_decay_steps': 2000, 'filter_type': 'dual_random_walk', 'horizon': 12, 'input_dim': 2, 'l1_decay': 0, 'max_diffusion_step': 2, 'num_nodes': 207, 'num_rnn_layers': 2, 'output_dim': 1, 'rnn_units': 64, 'seq_len': 12, 'use_curriculum_learning': True}, 'train': {'base_lr': 0.01, 'dropout': 0, 'epoch': 0, 'epochs': 100, 'epsilon': 0.001, 'global_step': 0, 'lr_decay_ratio': 0.1, 'max_grad_norm': 5, 'max_to_keep': 10, 'min_learning_rate': 2e-06, 'optimizer': 'adam', 'patience': 50, 'steps': [20, 30, 40, 50], 'test_every_n_epochs': 10}}
2020-05-28 11:03:23,923 - model.dcrnn_supervisor - INFO - ('x_train', (23974, 12, 207, 2))
2020-05-28 11:03:23,923 - model.dcrnn_supervisor - INFO - ('y_train', (23974, 12, 207, 2))
2020-05-28 11:03:23,923 - model.dcrnn_supervisor - INFO - ('x_val', (3425, 12, 207, 2))
2020-05-28 11:03:23,923 - model.dcrnn_supervisor - INFO - ('y_val', (3425, 12, 207, 2))
2020-05-28 11:03:23,923 - model.dcrnn_supervisor - INFO - ('x_test', (6850, 12, 207, 2))
2020-05-28 11:03:23,923 - model.dcrnn_supervisor - INFO - ('y_test', (6850, 12, 207, 2))
2020-05-28 11:03:42,845 - model.dcrnn_supervisor - INFO - Total number of trainable parameters: 372352
2020-05-28 11:03:43,836 - model.dcrnn_supervisor - INFO - Start training ...
2020-05-28 11:20:03,582 - model.dcrnn_supervisor - INFO - Epoch [0/100] (375) train_mae: 2.7372, val_mae: 3.6282 lr:0.010000 979.5s
2020-05-28 11:20:03,872 - model.dcrnn_supervisor - INFO - Val loss decrease from inf to 3.6282, saving to data/model/dcrnn_DR_2_h_12_64-64_lr_0.01_bs_64_0528110307/models-3.6282-375
2020-05-28 11:36:23,637 - model.dcrnn_supervisor - INFO - Epoch [1/100] (750) train_mae: 2.3408, val_mae: 3.2922 lr:0.010000 979.8s
2020-05-28 11:36:23,656 - model.dcrnn_supervisor - INFO - Val loss decrease from 3.6282 to 3.2922, saving to data/model/dcrnn_DR_2_h_12_64-64_lr_0.01_bs_64_0528110307/models-3.2922-750
2020-05-28 11:52:45,446 - model.dcrnn_supervisor - INFO - Epoch [2/100] (1125) train_mae: 2.2613, val_mae: 3.1351 lr:0.010000 981.8s
2020-05-28 11:52:45,467 - model.dcrnn_supervisor - INFO - Val loss decrease from 3.2922 to 3.1351, saving to data/model/dcrnn_DR_2_h_12_64-64_lr_0.01_bs_64_0528110307/models-3.1351-1125
2020-05-28 12:09:07,755 - model.dcrnn_supervisor - INFO - Epoch [3/100] (1500) train_mae: 2.2029, val_mae: 3.0593 lr:0.010000 982.3s
2020-05-28 12:09:07,781 - model.dcrnn_supervisor - INFO - Val loss decrease from 3.1351 to 3.0593, saving to data/model/dcrnn_DR_2_h_12_64-64_lr_0.01_bs_64_0528110307/models-3.0593-1500
2020-05-28 12:25:30,385 - model.dcrnn_supervisor - INFO - Epoch [4/100] (1875) train_mae: 2.1659, val_mae: 3.0065 lr:0.010000 982.6s
2020-05-28 12:25:30,410 - model.dcrnn_supervisor - INFO - Val loss decrease from 3.0593 to 3.0065, saving to data/model/dcrnn_DR_2_h_12_64-64_lr_0.01_bs_64_0528110307/models-3.0065-1875
2020-05-28 12:41:55,257 - model.dcrnn_supervisor - INFO - Epoch [5/100] (2250) train_mae: 2.1366, val_mae: 2.9961 lr:0.010000 984.8s
2020-05-28 12:41:55,275 - model.dcrnn_supervisor - INFO - Val loss decrease from 3.0065 to 2.9961, saving to data/model/dcrnn_DR_2_h_12_64-64_lr_0.01_bs_64_0528110307/models-2.9961-2250
2020-05-28 12:58:19,409 - model.dcrnn_supervisor - INFO - Epoch [6/100] (2625) train_mae: 2.1114, val_mae: 2.9865 lr:0.010000 984.1s
2020-05-28 12:58:19,429 - model.dcrnn_supervisor - INFO - Val loss decrease from 2.9961 to 2.9865, saving to data/model/dcrnn_DR_2_h_12_64-64_lr_0.01_bs_64_0528110307/models-2.9865-2625
2020-05-28 13:14:46,234 - model.dcrnn_supervisor - INFO - Epoch [7/100] (3000) train_mae: 2.0932, val_mae: 2.9126 lr:0.010000 986.8s
2020-05-28 13:14:46,258 - model.dcrnn_supervisor - INFO - Val loss decrease from 2.9865 to 2.9126, saving to data/model/dcrnn_DR_2_h_12_64-64_lr_0.01_bs_64_0528110307/models-2.9126-3000
2020-05-28 13:31:14,174 - model.dcrnn_supervisor - INFO - Epoch [8/100] (3375) train_mae: 2.0777, val_mae: 2.8762 lr:0.010000 987.9s
2020-05-28 13:31:14,195 - model.dcrnn_supervisor - INFO - Val loss decrease from 2.9126 to 2.8762, saving to data/model/dcrnn_DR_2_h_12_64-64_lr_0.01_bs_64_0528110307/models-2.8762-3375
2020-05-28 13:47:39,649 - model.dcrnn_supervisor - INFO - Epoch [9/100] (3750) train_mae: 2.0653, val_mae: 2.8579 lr:0.010000 985.5s
2020-05-28 13:47:39,651 - model.dcrnn_supervisor - INFO - Evaluation on Test data
2020-05-28 13:49:59,357 - model.dcrnn_supervisor - INFO - Horizon 01, MAE: 2.22, MAPE: 0.0531, RMSE: 3.83
2020-05-28 13:49:59,513 - model.dcrnn_supervisor - INFO - Horizon 02, MAE: 2.52, MAPE: 0.0631, RMSE: 4.69
2020-05-28 13:49:59,668 - model.dcrnn_supervisor - INFO - Horizon 03, MAE: 2.73, MAPE: 0.0707, RMSE: 5.29
2020-05-28 13:49:59,806 - model.dcrnn_supervisor - INFO - Horizon 04, MAE: 2.90, MAPE: 0.0772, RMSE: 5.77
2020-05-28 13:49:59,945 - model.dcrnn_supervisor - INFO - Horizon 05, MAE: 3.05, MAPE: 0.0830, RMSE: 6.16
2020-05-28 13:50:00,077 - model.dcrnn_supervisor - INFO - Horizon 06, MAE: 3.18, MAPE: 0.0881, RMSE: 6.50
2020-05-28 13:50:00,207 - model.dcrnn_supervisor - INFO - Horizon 07, MAE: 3.31, MAPE: 0.0931, RMSE: 6.81
2020-05-28 13:50:00,335 - model.dcrnn_supervisor - INFO - Horizon 08, MAE: 3.42, MAPE: 0.0976, RMSE: 7.08
2020-05-28 13:50:00,476 - model.dcrnn_supervisor - INFO - Horizon 09, MAE: 3.52, MAPE: 0.1018, RMSE: 7.32
2020-05-28 13:50:00,606 - model.dcrnn_supervisor - INFO - Horizon 10, MAE: 3.62, MAPE: 0.1057, RMSE: 7.53
2020-05-28 13:50:00,745 - model.dcrnn_supervisor - INFO - Horizon 11, MAE: 3.71, MAPE: 0.1094, RMSE: 7.73
2020-05-28 13:50:00,868 - model.dcrnn_supervisor - INFO - Horizon 12, MAE: 3.80, MAPE: 0.1130, RMSE: 7.92
2020-05-28 13:50:00,869 - model.dcrnn_supervisor - INFO - ===================================
2020-05-28 13:50:00,890 - model.dcrnn_supervisor - INFO - Val loss decrease from 2.8762 to 2.8579, saving to data/model/dcrnn_DR_2_h_12_64-64_lr_0.01_bs_64_0528110307/models-2.8579-3750
2020-05-28 14:06:22,343 - model.dcrnn_supervisor - INFO - Epoch [10/100] (4125) train_mae: 2.0522, val_mae: 2.8594 lr:0.010000 981.5s
2020-05-28 14:22:55,920 - model.dcrnn_supervisor - INFO - Epoch [11/100] (4500) train_mae: 2.0429, val_mae: 2.8713 lr:0.010000 993.6s
2020-05-28 14:39:20,691 - model.dcrnn_supervisor - INFO - Epoch [12/100] (4875) train_mae: 2.0332, val_mae: 2.8751 lr:0.010000 984.8s
2020-05-28 14:55:48,853 - model.dcrnn_supervisor - INFO - Epoch [13/100] (5250) train_mae: 2.0260, val_mae: 2.9864 lr:0.010000 988.2s
2020-05-28 15:12:17,471 - model.dcrnn_supervisor - INFO - Epoch [14/100] (5625) train_mae: 2.0173, val_mae: 2.9844 lr:0.010000 988.6s
2020-05-28 15:28:44,214 - model.dcrnn_supervisor - INFO - Epoch [15/100] (6000) train_mae: 2.0113, val_mae: 2.9222 lr:0.010000 986.7s
2020-05-28 15:45:11,003 - model.dcrnn_supervisor - INFO - Epoch [16/100] (6375) train_mae: 2.0072, val_mae: 2.8641 lr:0.010000 986.8s
2020-05-28 16:01:37,442 - model.dcrnn_supervisor - INFO - Epoch [17/100] (6750) train_mae: 1.9996, val_mae: 3.0030 lr:0.010000 986.4s
2020-05-28 16:18:02,252 - model.dcrnn_supervisor - INFO - Epoch [18/100] (7125) train_mae: 1.9950, val_mae: 2.9450 lr:0.010000 984.8s
2020-05-28 16:34:29,451 - model.dcrnn_supervisor - INFO - Epoch [19/100] (7500) train_mae: 1.9950, val_mae: 3.0194 lr:0.010000 987.2s
2020-05-28 16:34:29,452 - model.dcrnn_supervisor - INFO - Evaluation on Test data
2020-05-28 16:36:47,900 - model.dcrnn_supervisor - INFO - Horizon 01, MAE: 2.21, MAPE: 0.0539, RMSE: 3.81
2020-05-28 16:36:48,063 - model.dcrnn_supervisor - INFO - Horizon 02, MAE: 2.54, MAPE: 0.0657, RMSE: 4.70
2020-05-28 16:36:48,191 - model.dcrnn_supervisor - INFO - Horizon 03, MAE: 2.78, MAPE: 0.0756, RMSE: 5.36
2020-05-28 16:36:48,343 - model.dcrnn_supervisor - INFO - Horizon 04, MAE: 2.98, MAPE: 0.0846, RMSE: 5.92
2020-05-28 16:36:48,495 - model.dcrnn_supervisor - INFO - Horizon 05, MAE: 3.16, MAPE: 0.0929, RMSE: 6.41
2020-05-28 16:36:48,638 - model.dcrnn_supervisor - INFO - Horizon 06, MAE: 3.32, MAPE: 0.1005, RMSE: 6.84
2020-05-28 16:36:48,783 - model.dcrnn_supervisor - INFO - Horizon 07, MAE: 3.47, MAPE: 0.1074, RMSE: 7.21
2020-05-28 16:36:48,922 - model.dcrnn_supervisor - INFO - Horizon 08, MAE: 3.61, MAPE: 0.1137, RMSE: 7.54
2020-05-28 16:36:49,068 - model.dcrnn_supervisor - INFO - Horizon 09, MAE: 3.73, MAPE: 0.1195, RMSE: 7.82
2020-05-28 16:36:49,224 - model.dcrnn_supervisor - INFO - Horizon 10, MAE: 3.84, MAPE: 0.1248, RMSE: 8.08
2020-05-28 16:36:49,379 - model.dcrnn_supervisor - INFO - Horizon 11, MAE: 3.95, MAPE: 0.1298, RMSE: 8.31
2020-05-28 16:36:49,526 - model.dcrnn_supervisor - INFO - Horizon 12, MAE: 4.06, MAPE: 0.1345, RMSE: 8.53
2020-05-28 16:36:49,526 - model.dcrnn_supervisor - INFO - ===================================
2020-05-28 16:53:17,031 - model.dcrnn_supervisor - INFO - Epoch [20/100] (7875) train_mae: 1.9662, val_mae: 2.8224 lr:0.001000 987.5s
2020-05-28 16:53:17,061 - model.dcrnn_supervisor - INFO - Val loss decrease from 2.8579 to 2.8224, saving to data/model/dcrnn_DR_2_h_12_64-64_lr_0.01_bs_64_0528110307/models-2.8224-7875
2020-05-28 17:09:41,984 - model.dcrnn_supervisor - INFO - Epoch [21/100] (8250) train_mae: 1.9625, val_mae: 2.8206 lr:0.001000 984.9s
2020-05-28 17:09:42,005 - model.dcrnn_supervisor - INFO - Val loss decrease from 2.8224 to 2.8206, saving to data/model/dcrnn_DR_2_h_12_64-64_lr_0.01_bs_64_0528110307/models-2.8206-8250
2020-05-28 17:26:05,789 - model.dcrnn_supervisor - INFO - Epoch [22/100] (8625) train_mae: 1.9627, val_mae: 2.8199 lr:0.001000 983.8s
2020-05-28 17:26:05,818 - model.dcrnn_supervisor - INFO - Val loss decrease from 2.8206 to 2.8199, saving to data/model/dcrnn_DR_2_h_12_64-64_lr_0.01_bs_64_0528110307/models-2.8199-8625
2020-05-28 17:42:31,936 - model.dcrnn_supervisor - INFO - Epoch [23/100] (9000) train_mae: 1.9664, val_mae: 2.8184 lr:0.001000 986.1s
2020-05-28 17:42:31,966 - model.dcrnn_supervisor - INFO - Val loss decrease from 2.8199 to 2.8184, saving to data/model/dcrnn_DR_2_h_12_64-64_lr_0.01_bs_64_0528110307/models-2.8184-9000
2020-05-28 17:58:51,551 - model.dcrnn_supervisor - INFO - Epoch [24/100] (9375) train_mae: 1.9673, val_mae: 2.8176 lr:0.001000 979.6s
2020-05-28 17:58:51,578 - model.dcrnn_supervisor - INFO - Val loss decrease from 2.8184 to 2.8176, saving to data/model/dcrnn_DR_2_h_12_64-64_lr_0.01_bs_64_0528110307/models-2.8176-9375
2020-05-28 18:15:13,842 - model.dcrnn_supervisor - INFO - Epoch [25/100] (9750) train_mae: 1.9695, val_mae: 2.8192 lr:0.001000 982.3s
2020-05-28 18:31:37,271 - model.dcrnn_supervisor - INFO - Epoch [26/100] (10125) train_mae: 1.9747, val_mae: 2.8202 lr:0.001000 983.4s
2020-05-28 18:47:57,455 - model.dcrnn_supervisor - INFO - Epoch [27/100] (10500) train_mae: 1.9767, val_mae: 2.8225 lr:0.001000 980.2s
2020-05-28 19:04:21,343 - model.dcrnn_supervisor - INFO - Epoch [28/100] (10875) train_mae: 1.9815, val_mae: 2.8176 lr:0.001000 983.9s
2020-05-28 19:20:41,636 - model.dcrnn_supervisor - INFO - Epoch [29/100] (11250) train_mae: 1.9887, val_mae: 2.8248 lr:0.001000 980.3s
2020-05-28 19:20:41,637 - model.dcrnn_supervisor - INFO - Evaluation on Test data
2020-05-28 19:23:04,797 - model.dcrnn_supervisor - INFO - Horizon 01, MAE: 2.18, MAPE: 0.0518, RMSE: 3.78
2020-05-28 19:23:04,966 - model.dcrnn_supervisor - INFO - Horizon 02, MAE: 2.47, MAPE: 0.0615, RMSE: 4.64
2020-05-28 19:23:05,125 - model.dcrnn_supervisor - INFO - Horizon 03, MAE: 2.68, MAPE: 0.0688, RMSE: 5.24
2020-05-28 19:23:05,282 - model.dcrnn_supervisor - INFO - Horizon 04, MAE: 2.84, MAPE: 0.0748, RMSE: 5.71
2020-05-28 19:23:05,440 - model.dcrnn_supervisor - INFO - Horizon 05, MAE: 2.98, MAPE: 0.0800, RMSE: 6.10
2020-05-28 19:23:05,598 - model.dcrnn_supervisor - INFO - Horizon 06, MAE: 3.10, MAPE: 0.0848, RMSE: 6.44
2020-05-28 19:23:05,759 - model.dcrnn_supervisor - INFO - Horizon 07, MAE: 3.22, MAPE: 0.0891, RMSE: 6.73
2020-05-28 19:23:05,923 - model.dcrnn_supervisor - INFO - Horizon 08, MAE: 3.32, MAPE: 0.0931, RMSE: 6.99
2020-05-28 19:23:06,080 - model.dcrnn_supervisor - INFO - Horizon 09, MAE: 3.42, MAPE: 0.0968, RMSE: 7.23
2020-05-28 19:23:06,224 - model.dcrnn_supervisor - INFO - Horizon 10, MAE: 3.51, MAPE: 0.1002, RMSE: 7.44
2020-05-28 19:23:06,370 - model.dcrnn_supervisor - INFO - Horizon 11, MAE: 3.59, MAPE: 0.1035, RMSE: 7.63
2020-05-28 19:23:06,503 - model.dcrnn_supervisor - INFO - Horizon 12, MAE: 3.67, MAPE: 0.1066, RMSE: 7.81
2020-05-28 19:23:06,504 - model.dcrnn_supervisor - INFO - ===================================
2020-05-28 19:39:28,153 - model.dcrnn_supervisor - INFO - Epoch [30/100] (11625) train_mae: 1.9918, val_mae: 2.8113 lr:0.000100 981.6s
2020-05-28 19:39:28,174 - model.dcrnn_supervisor - INFO - Val loss decrease from 2.8176 to 2.8113, saving to data/model/dcrnn_DR_2_h_12_64-64_lr_0.01_bs_64_0528110307/models-2.8113-11625
2020-05-28 19:55:50,783 - model.dcrnn_supervisor - INFO - Epoch [31/100] (12000) train_mae: 1.9966, val_mae: 2.8060 lr:0.000100 982.6s
2020-05-28 19:55:50,815 - model.dcrnn_supervisor - INFO - Val loss decrease from 2.8113 to 2.8060, saving to data/model/dcrnn_DR_2_h_12_64-64_lr_0.01_bs_64_0528110307/models-2.8060-12000
2020-05-28 20:12:11,020 - model.dcrnn_supervisor - INFO - Epoch [32/100] (12375) train_mae: 2.0065, val_mae: 2.8058 lr:0.000100 980.2s
2020-05-28 20:12:11,052 - model.dcrnn_supervisor - INFO - Val loss decrease from 2.8060 to 2.8058, saving to data/model/dcrnn_DR_2_h_12_64-64_lr_0.01_bs_64_0528110307/models-2.8058-12375
2020-05-28 20:28:34,247 - model.dcrnn_supervisor - INFO - Epoch [33/100] (12750) train_mae: 2.0170, val_mae: 2.8048 lr:0.000100 983.2s
2020-05-28 20:28:34,278 - model.dcrnn_supervisor - INFO - Val loss decrease from 2.8058 to 2.8048, saving to data/model/dcrnn_DR_2_h_12_64-64_lr_0.01_bs_64_0528110307/models-2.8048-12750
2020-05-28 20:44:54,365 - model.dcrnn_supervisor - INFO - Epoch [34/100] (13125) train_mae: 2.0348, val_mae: 2.8037 lr:0.000100 980.1s
2020-05-28 20:44:54,395 - model.dcrnn_supervisor - INFO - Val loss decrease from 2.8048 to 2.8037, saving to data/model/dcrnn_DR_2_h_12_64-64_lr_0.01_bs_64_0528110307/models-2.8037-13125
2020-05-28 21:01:13,890 - model.dcrnn_supervisor - INFO - Epoch [35/100] (13500) train_mae: 2.0532, val_mae: 2.7947 lr:0.000100 979.5s
2020-05-28 21:01:13,920 - model.dcrnn_supervisor - INFO - Val loss decrease from 2.8037 to 2.7947, saving to data/model/dcrnn_DR_2_h_12_64-64_lr_0.01_bs_64_0528110307/models-2.7947-13500
2020-05-28 21:17:31,324 - model.dcrnn_supervisor - INFO - Epoch [36/100] (13875) train_mae: 2.0640, val_mae: 2.7955 lr:0.000100 977.4s
2020-05-28 21:33:50,612 - model.dcrnn_supervisor - INFO - Epoch [37/100] (14250) train_mae: 2.0874, val_mae: 2.8014 lr:0.000100 979.3s
2020-05-28 21:50:11,337 - model.dcrnn_supervisor - INFO - Epoch [38/100] (14625) train_mae: 2.1076, val_mae: 2.7973 lr:0.000100 980.7s
2020-05-28 22:06:26,692 - model.dcrnn_supervisor - INFO - Epoch [39/100] (15000) train_mae: 2.1241, val_mae: 2.7893 lr:0.000100 975.4s
2020-05-28 22:06:26,693 - model.dcrnn_supervisor - INFO - Evaluation on Test data
2020-05-28 22:08:47,713 - model.dcrnn_supervisor - INFO - Horizon 01, MAE: 2.17, MAPE: 0.0520, RMSE: 3.77
2020-05-28 22:08:47,865 - model.dcrnn_supervisor - INFO - Horizon 02, MAE: 2.47, MAPE: 0.0615, RMSE: 4.61
2020-05-28 22:08:48,011 - model.dcrnn_supervisor - INFO - Horizon 03, MAE: 2.67, MAPE: 0.0687, RMSE: 5.20
2020-05-28 22:08:48,175 - model.dcrnn_supervisor - INFO - Horizon 04, MAE: 2.83, MAPE: 0.0746, RMSE: 5.66
2020-05-28 22:08:48,315 - model.dcrnn_supervisor - INFO - Horizon 05, MAE: 2.96, MAPE: 0.0797, RMSE: 6.04
2020-05-28 22:08:48,466 - model.dcrnn_supervisor - INFO - Horizon 06, MAE: 3.08, MAPE: 0.0844, RMSE: 6.37
2020-05-28 22:08:48,614 - model.dcrnn_supervisor - INFO - Horizon 07, MAE: 3.19, MAPE: 0.0886, RMSE: 6.66
2020-05-28 22:08:48,752 - model.dcrnn_supervisor - INFO - Horizon 08, MAE: 3.29, MAPE: 0.0926, RMSE: 6.92
2020-05-28 22:08:48,891 - model.dcrnn_supervisor - INFO - Horizon 09, MAE: 3.39, MAPE: 0.0963, RMSE: 7.15
2020-05-28 22:08:49,034 - model.dcrnn_supervisor - INFO - Horizon 10, MAE: 3.47, MAPE: 0.0996, RMSE: 7.35
2020-05-28 22:08:49,170 - model.dcrnn_supervisor - INFO - Horizon 11, MAE: 3.55, MAPE: 0.1029, RMSE: 7.53
2020-05-28 22:08:49,300 - model.dcrnn_supervisor - INFO - Horizon 12, MAE: 3.62, MAPE: 0.1059, RMSE: 7.71
2020-05-28 22:08:49,300 - model.dcrnn_supervisor - INFO - ===================================
2020-05-28 22:08:49,336 - model.dcrnn_supervisor - INFO - Val loss decrease from 2.7947 to 2.7893, saving to data/model/dcrnn_DR_2_h_12_64-64_lr_0.01_bs_64_0528110307/models-2.7893-15000
2020-05-28 22:25:04,629 - model.dcrnn_supervisor - INFO - Epoch [40/100] (15375) train_mae: 2.1557, val_mae: 2.7874 lr:0.000010 975.3s
2020-05-28 22:25:04,658 - model.dcrnn_supervisor - INFO - Val loss decrease from 2.7893 to 2.7874, saving to data/model/dcrnn_DR_2_h_12_64-64_lr_0.01_bs_64_0528110307/models-2.7874-15375
2020-05-28 22:41:19,623 - model.dcrnn_supervisor - INFO - Epoch [41/100] (15750) train_mae: 2.1970, val_mae: 2.7858 lr:0.000010 975.0s
2020-05-28 22:41:19,653 - model.dcrnn_supervisor - INFO - Val loss decrease from 2.7874 to 2.7858, saving to data/model/dcrnn_DR_2_h_12_64-64_lr_0.01_bs_64_0528110307/models-2.7858-15750
2020-05-28 22:57:32,716 - model.dcrnn_supervisor - INFO - Epoch [42/100] (16125) train_mae: 2.2124, val_mae: 2.7851 lr:0.000010 973.1s
2020-05-28 22:57:32,743 - model.dcrnn_supervisor - INFO - Val loss decrease from 2.7858 to 2.7851, saving to data/model/dcrnn_DR_2_h_12_64-64_lr_0.01_bs_64_0528110307/models-2.7851-16125
2020-05-28 23:13:54,304 - model.dcrnn_supervisor - INFO - Epoch [43/100] (16500) train_mae: 2.2499, val_mae: 2.7813 lr:0.000010 981.6s
2020-05-28 23:13:54,331 - model.dcrnn_supervisor - INFO - Val loss decrease from 2.7851 to 2.7813, saving to data/model/dcrnn_DR_2_h_12_64-64_lr_0.01_bs_64_0528110307/models-2.7813-16500
2020-05-28 23:30:08,673 - model.dcrnn_supervisor - INFO - Epoch [44/100] (16875) train_mae: 2.3031, val_mae: 2.7811 lr:0.000010 974.3s
2020-05-28 23:30:08,703 - model.dcrnn_supervisor - INFO - Val loss decrease from 2.7813 to 2.7811, saving to data/model/dcrnn_DR_2_h_12_64-64_lr_0.01_bs_64_0528110307/models-2.7811-16875
2020-05-28 23:46:20,711 - model.dcrnn_supervisor - INFO - Epoch [45/100] (17250) train_mae: 2.3107, val_mae: 2.7781 lr:0.000010 972.0s
2020-05-28 23:46:20,741 - model.dcrnn_supervisor - INFO - Val loss decrease from 2.7811 to 2.7781, saving to data/model/dcrnn_DR_2_h_12_64-64_lr_0.01_bs_64_0528110307/models-2.7781-17250
2020-05-29 00:02:41,979 - model.dcrnn_supervisor - INFO - Epoch [46/100] (17625) train_mae: 2.3677, val_mae: 2.7770 lr:0.000010 981.2s
2020-05-29 00:02:42,004 - model.dcrnn_supervisor - INFO - Val loss decrease from 2.7781 to 2.7770, saving to data/model/dcrnn_DR_2_h_12_64-64_lr_0.01_bs_64_0528110307/models-2.7770-17625
2020-05-29 00:18:58,536 - model.dcrnn_supervisor - INFO - Epoch [47/100] (18000) train_mae: 2.3928, val_mae: 2.7758 lr:0.000010 976.5s
2020-05-29 00:18:58,566 - model.dcrnn_supervisor - INFO - Val loss decrease from 2.7770 to 2.7758, saving to data/model/dcrnn_DR_2_h_12_64-64_lr_0.01_bs_64_0528110307/models-2.7758-18000
2020-05-29 00:35:13,355 - model.dcrnn_supervisor - INFO - Epoch [48/100] (18375) train_mae: 2.4418, val_mae: 2.7764 lr:0.000010 974.8s
2020-05-29 00:51:28,164 - model.dcrnn_supervisor - INFO - Epoch [49/100] (18750) train_mae: 2.4704, val_mae: 2.7749 lr:0.000010 974.8s
2020-05-29 00:51:28,165 - model.dcrnn_supervisor - INFO - Evaluation on Test data
2020-05-29 00:53:49,638 - model.dcrnn_supervisor - INFO - Horizon 01, MAE: 2.18, MAPE: 0.0518, RMSE: 3.77
2020-05-29 00:53:49,793 - model.dcrnn_supervisor - INFO - Horizon 02, MAE: 2.47, MAPE: 0.0614, RMSE: 4.60
2020-05-29 00:53:49,958 - model.dcrnn_supervisor - INFO - Horizon 03, MAE: 2.67, MAPE: 0.0685, RMSE: 5.18
2020-05-29 00:53:50,111 - model.dcrnn_supervisor - INFO - Horizon 04, MAE: 2.83, MAPE: 0.0744, RMSE: 5.64
2020-05-29 00:53:50,257 - model.dcrnn_supervisor - INFO - Horizon 05, MAE: 2.96, MAPE: 0.0794, RMSE: 6.01
2020-05-29 00:53:50,393 - model.dcrnn_supervisor - INFO - Horizon 06, MAE: 3.08, MAPE: 0.0839, RMSE: 6.33
2020-05-29 00:53:50,528 - model.dcrnn_supervisor - INFO - Horizon 07, MAE: 3.18, MAPE: 0.0879, RMSE: 6.60
2020-05-29 00:53:50,659 - model.dcrnn_supervisor - INFO - Horizon 08, MAE: 3.28, MAPE: 0.0916, RMSE: 6.84
2020-05-29 00:53:50,793 - model.dcrnn_supervisor - INFO - Horizon 09, MAE: 3.36, MAPE: 0.0950, RMSE: 7.06
2020-05-29 00:53:50,928 - model.dcrnn_supervisor - INFO - Horizon 10, MAE: 3.44, MAPE: 0.0981, RMSE: 7.25
2020-05-29 00:53:51,058 - model.dcrnn_supervisor - INFO - Horizon 11, MAE: 3.51, MAPE: 0.1010, RMSE: 7.42
2020-05-29 00:53:51,188 - model.dcrnn_supervisor - INFO - Horizon 12, MAE: 3.58, MAPE: 0.1038, RMSE: 7.59
2020-05-29 00:53:51,189 - model.dcrnn_supervisor - INFO - ===================================
2020-05-29 00:53:51,228 - model.dcrnn_supervisor - INFO - Val loss decrease from 2.7758 to 2.7749, saving to data/model/dcrnn_DR_2_h_12_64-64_lr_0.01_bs_64_0528110307/models-2.7749-18750
2020-05-29 01:10:07,863 - model.dcrnn_supervisor - INFO - Epoch [50/100] (19125) train_mae: 2.4844, val_mae: 2.7742 lr:0.000002 976.6s
2020-05-29 01:10:07,893 - model.dcrnn_supervisor - INFO - Val loss decrease from 2.7749 to 2.7742, saving to data/model/dcrnn_DR_2_h_12_64-64_lr_0.01_bs_64_0528110307/models-2.7742-19125
2020-05-29 01:26:19,835 - model.dcrnn_supervisor - INFO - Epoch [51/100] (19500) train_mae: 2.5150, val_mae: 2.7736 lr:0.000002 971.9s
2020-05-29 01:26:19,865 - model.dcrnn_supervisor - INFO - Val loss decrease from 2.7742 to 2.7736, saving to data/model/dcrnn_DR_2_h_12_64-64_lr_0.01_bs_64_0528110307/models-2.7736-19500
2020-05-29 01:42:37,044 - model.dcrnn_supervisor - INFO - Epoch [52/100] (19875) train_mae: 2.5418, val_mae: 2.7727 lr:0.000002 977.2s
2020-05-29 01:42:37,074 - model.dcrnn_supervisor - INFO - Val loss decrease from 2.7736 to 2.7727, saving to data/model/dcrnn_DR_2_h_12_64-64_lr_0.01_bs_64_0528110307/models-2.7727-19875
2020-05-29 01:58:48,022 - model.dcrnn_supervisor - INFO - Epoch [53/100] (20250) train_mae: 2.5676, val_mae: 2.7725 lr:0.000002 970.9s
2020-05-29 01:58:48,046 - model.dcrnn_supervisor - INFO - Val loss decrease from 2.7727 to 2.7725, saving to data/model/dcrnn_DR_2_h_12_64-64_lr_0.01_bs_64_0528110307/models-2.7725-20250
2020-05-29 02:14:58,337 - model.dcrnn_supervisor - INFO - Epoch [54/100] (20625) train_mae: 2.5865, val_mae: 2.7724 lr:0.000002 970.3s
2020-05-29 02:14:58,367 - model.dcrnn_supervisor - INFO - Val loss decrease from 2.7725 to 2.7724, saving to data/model/dcrnn_DR_2_h_12_64-64_lr_0.01_bs_64_0528110307/models-2.7724-20625
2020-05-29 02:31:11,885 - model.dcrnn_supervisor - INFO - Epoch [55/100] (21000) train_mae: 2.6032, val_mae: 2.7723 lr:0.000002 973.5s
2020-05-29 02:31:11,918 - model.dcrnn_supervisor - INFO - Val loss decrease from 2.7724 to 2.7723, saving to data/model/dcrnn_DR_2_h_12_64-64_lr_0.01_bs_64_0528110307/models-2.7723-21000
2020-05-29 02:47:17,532 - model.dcrnn_supervisor - INFO - Epoch [56/100] (21375) train_mae: 2.6175, val_mae: 2.7725 lr:0.000002 965.6s
2020-05-29 03:03:32,252 - model.dcrnn_supervisor - INFO - Epoch [57/100] (21750) train_mae: 2.6376, val_mae: 2.7722 lr:0.000002 974.7s
2020-05-29 03:03:32,281 - model.dcrnn_supervisor - INFO - Val loss decrease from 2.7723 to 2.7722, saving to data/model/dcrnn_DR_2_h_12_64-64_lr_0.01_bs_64_0528110307/models-2.7722-21750
2020-05-29 03:19:47,313 - model.dcrnn_supervisor - INFO - Epoch [58/100] (22125) train_mae: 2.6422, val_mae: 2.7719 lr:0.000002 975.0s
2020-05-29 03:19:47,333 - model.dcrnn_supervisor - INFO - Val loss decrease from 2.7722 to 2.7719, saving to data/model/dcrnn_DR_2_h_12_64-64_lr_0.01_bs_64_0528110307/models-2.7719-22125
2020-05-29 03:35:59,659 - model.dcrnn_supervisor - INFO - Epoch [59/100] (22500) train_mae: 2.6397, val_mae: 2.7721 lr:0.000002 972.3s
2020-05-29 03:35:59,660 - model.dcrnn_supervisor - INFO - Evaluation on Test data
2020-05-29 03:38:21,128 - model.dcrnn_supervisor - INFO - Horizon 01, MAE: 2.18, MAPE: 0.0519, RMSE: 3.78
2020-05-29 03:38:21,300 - model.dcrnn_supervisor - INFO - Horizon 02, MAE: 2.47, MAPE: 0.0614, RMSE: 4.61
2020-05-29 03:38:21,451 - model.dcrnn_supervisor - INFO - Horizon 03, MAE: 2.67, MAPE: 0.0686, RMSE: 5.19
2020-05-29 03:38:21,607 - model.dcrnn_supervisor - INFO - Horizon 04, MAE: 2.83, MAPE: 0.0745, RMSE: 5.64
2020-05-29 03:38:21,763 - model.dcrnn_supervisor - INFO - Horizon 05, MAE: 2.96, MAPE: 0.0795, RMSE: 6.01
2020-05-29 03:38:21,915 - model.dcrnn_supervisor - INFO - Horizon 06, MAE: 3.08, MAPE: 0.0840, RMSE: 6.33
2020-05-29 03:38:22,061 - model.dcrnn_supervisor - INFO - Horizon 07, MAE: 3.18, MAPE: 0.0880, RMSE: 6.60
2020-05-29 03:38:22,202 - model.dcrnn_supervisor - INFO - Horizon 08, MAE: 3.28, MAPE: 0.0917, RMSE: 6.84
2020-05-29 03:38:22,361 - model.dcrnn_supervisor - INFO - Horizon 09, MAE: 3.36, MAPE: 0.0950, RMSE: 7.05
2020-05-29 03:38:22,501 - model.dcrnn_supervisor - INFO - Horizon 10, MAE: 3.44, MAPE: 0.0981, RMSE: 7.23
2020-05-29 03:38:22,638 - model.dcrnn_supervisor - INFO - Horizon 11, MAE: 3.51, MAPE: 0.1010, RMSE: 7.41
2020-05-29 03:38:22,778 - model.dcrnn_supervisor - INFO - Horizon 12, MAE: 3.58, MAPE: 0.1038, RMSE: 7.57
2020-05-29 03:38:22,778 - model.dcrnn_supervisor - INFO - ===================================
2020-05-29 03:54:33,013 - model.dcrnn_supervisor - INFO - Epoch [60/100] (22875) train_mae: 2.6586, val_mae: 2.7721 lr:0.000002 970.2s
2020-05-29 04:10:44,825 - model.dcrnn_supervisor - INFO - Epoch [61/100] (23250) train_mae: 2.6634, val_mae: 2.7724 lr:0.000002 971.8s
2020-05-29 04:26:53,909 - model.dcrnn_supervisor - INFO - Epoch [62/100] (23625) train_mae: 2.6708, val_mae: 2.7723 lr:0.000002 969.1s
2020-05-29 04:43:06,020 - model.dcrnn_supervisor - INFO - Epoch [63/100] (24000) train_mae: 2.6731, val_mae: 2.7720 lr:0.000002 972.1s
2020-05-29 04:59:20,643 - model.dcrnn_supervisor - INFO - Epoch [64/100] (24375) train_mae: 2.6680, val_mae: 2.7722 lr:0.000002 974.6s
2020-05-29 05:15:31,027 - model.dcrnn_supervisor - INFO - Epoch [65/100] (24750) train_mae: 2.6762, val_mae: 2.7719 lr:0.000002 970.4s
2020-05-29 05:15:31,063 - model.dcrnn_supervisor - INFO - Val loss decrease from 2.7719 to 2.7719, saving to data/model/dcrnn_DR_2_h_12_64-64_lr_0.01_bs_64_0528110307/models-2.7719-24750
2020-05-29 05:31:41,683 - model.dcrnn_supervisor - INFO - Epoch [66/100] (25125) train_mae: 2.6847, val_mae: 2.7720 lr:0.000002 970.6s
2020-05-29 05:47:55,461 - model.dcrnn_supervisor - INFO - Epoch [67/100] (25500) train_mae: 2.6883, val_mae: 2.7721 lr:0.000002 973.8s
2020-05-29 06:04:07,930 - model.dcrnn_supervisor - INFO - Epoch [68/100] (25875) train_mae: 2.6849, val_mae: 2.7721 lr:0.000002 972.5s
2020-05-29 06:20:20,752 - model.dcrnn_supervisor - INFO - Epoch [69/100] (26250) train_mae: 2.6822, val_mae: 2.7721 lr:0.000002 972.8s
2020-05-29 06:20:20,754 - model.dcrnn_supervisor - INFO - Evaluation on Test data
2020-05-29 06:22:42,059 - model.dcrnn_supervisor - INFO - Horizon 01, MAE: 2.18, MAPE: 0.0519, RMSE: 3.78
2020-05-29 06:22:42,232 - model.dcrnn_supervisor - INFO - Horizon 02, MAE: 2.47, MAPE: 0.0615, RMSE: 4.61
2020-05-29 06:22:42,405 - model.dcrnn_supervisor - INFO - Horizon 03, MAE: 2.67, MAPE: 0.0687, RMSE: 5.19
2020-05-29 06:22:42,575 - model.dcrnn_supervisor - INFO - Horizon 04, MAE: 2.83, MAPE: 0.0746, RMSE: 5.64
2020-05-29 06:22:42,738 - model.dcrnn_supervisor - INFO - Horizon 05, MAE: 2.96, MAPE: 0.0796, RMSE: 6.01
2020-05-29 06:22:42,893 - model.dcrnn_supervisor - INFO - Horizon 06, MAE: 3.08, MAPE: 0.0841, RMSE: 6.33
2020-05-29 06:22:43,057 - model.dcrnn_supervisor - INFO - Horizon 07, MAE: 3.18, MAPE: 0.0881, RMSE: 6.60
2020-05-29 06:22:43,204 - model.dcrnn_supervisor - INFO - Horizon 08, MAE: 3.28, MAPE: 0.0917, RMSE: 6.84
2020-05-29 06:22:43,366 - model.dcrnn_supervisor - INFO - Horizon 09, MAE: 3.36, MAPE: 0.0951, RMSE: 7.05
2020-05-29 06:22:43,507 - model.dcrnn_supervisor - INFO - Horizon 10, MAE: 3.44, MAPE: 0.0981, RMSE: 7.23
2020-05-29 06:22:43,652 - model.dcrnn_supervisor - INFO - Horizon 11, MAE: 3.51, MAPE: 0.1010, RMSE: 7.40
2020-05-29 06:22:43,809 - model.dcrnn_supervisor - INFO - Horizon 12, MAE: 3.58, MAPE: 0.1037, RMSE: 7.56
2020-05-29 06:22:43,809 - model.dcrnn_supervisor - INFO - ===================================
2020-05-29 06:38:58,226 - model.dcrnn_supervisor - INFO - Epoch [70/100] (26625) train_mae: 2.6871, val_mae: 2.7722 lr:0.000002 974.4s
2020-05-29 06:55:02,901 - model.dcrnn_supervisor - INFO - Epoch [71/100] (27000) train_mae: 2.6885, val_mae: 2.7722 lr:0.000002 964.7s
2020-05-29 07:11:14,525 - model.dcrnn_supervisor - INFO - Epoch [72/100] (27375) train_mae: 2.6856, val_mae: 2.7723 lr:0.000002 971.6s
2020-05-29 07:27:26,503 - model.dcrnn_supervisor - INFO - Epoch [73/100] (27750) train_mae: 2.6884, val_mae: 2.7723 lr:0.000002 972.0s
2020-05-29 07:43:36,172 - model.dcrnn_supervisor - INFO - Epoch [74/100] (28125) train_mae: 2.6881, val_mae: 2.7724 lr:0.000002 969.7s
2020-05-29 07:59:49,931 - model.dcrnn_supervisor - INFO - Epoch [75/100] (28500) train_mae: 2.6872, val_mae: 2.7725 lr:0.000002 973.8s
2020-05-29 08:16:03,558 - model.dcrnn_supervisor - INFO - Epoch [76/100] (28875) train_mae: 2.6874, val_mae: 2.7725 lr:0.000002 973.6s
2020-05-29 08:32:15,062 - model.dcrnn_supervisor - INFO - Epoch [77/100] (29250) train_mae: 2.6881, val_mae: 2.7726 lr:0.000002 971.5s
2020-05-29 08:48:26,724 - model.dcrnn_supervisor - INFO - Epoch [78/100] (29625) train_mae: 2.6887, val_mae: 2.7725 lr:0.000002 971.7s
2020-05-29 09:04:36,962 - model.dcrnn_supervisor - INFO - Epoch [79/100] (30000) train_mae: 2.6884, val_mae: 2.7726 lr:0.000002 970.2s
2020-05-29 09:04:36,964 - model.dcrnn_supervisor - INFO - Evaluation on Test data
2020-05-29 09:06:58,159 - model.dcrnn_supervisor - INFO - Horizon 01, MAE: 2.18, MAPE: 0.0520, RMSE: 3.78
2020-05-29 09:06:58,318 - model.dcrnn_supervisor - INFO - Horizon 02, MAE: 2.47, MAPE: 0.0615, RMSE: 4.61
2020-05-29 09:06:58,472 - model.dcrnn_supervisor - INFO - Horizon 03, MAE: 2.67, MAPE: 0.0687, RMSE: 5.19
2020-05-29 09:06:58,617 - model.dcrnn_supervisor - INFO - Horizon 04, MAE: 2.83, MAPE: 0.0746, RMSE: 5.64
2020-05-29 09:06:58,764 - model.dcrnn_supervisor - INFO - Horizon 05, MAE: 2.96, MAPE: 0.0797, RMSE: 6.01
2020-05-29 09:06:58,907 - model.dcrnn_supervisor - INFO - Horizon 06, MAE: 3.08, MAPE: 0.0842, RMSE: 6.33
2020-05-29 09:06:59,045 - model.dcrnn_supervisor - INFO - Horizon 07, MAE: 3.18, MAPE: 0.0881, RMSE: 6.60
2020-05-29 09:06:59,175 - model.dcrnn_supervisor - INFO - Horizon 08, MAE: 3.28, MAPE: 0.0917, RMSE: 6.84
2020-05-29 09:06:59,322 - model.dcrnn_supervisor - INFO - Horizon 09, MAE: 3.36, MAPE: 0.0950, RMSE: 7.05
2020-05-29 09:06:59,473 - model.dcrnn_supervisor - INFO - Horizon 10, MAE: 3.44, MAPE: 0.0980, RMSE: 7.23
2020-05-29 09:06:59,629 - model.dcrnn_supervisor - INFO - Horizon 11, MAE: 3.51, MAPE: 0.1008, RMSE: 7.40
2020-05-29 09:06:59,782 - model.dcrnn_supervisor - INFO - Horizon 12, MAE: 3.58, MAPE: 0.1035, RMSE: 7.56
2020-05-29 09:06:59,782 - model.dcrnn_supervisor - INFO - ===================================
2020-05-29 09:23:06,040 - model.dcrnn_supervisor - INFO - Epoch [80/100] (30375) train_mae: 2.6885, val_mae: 2.7726 lr:0.000002 966.2s
2020-05-29 09:39:16,697 - model.dcrnn_supervisor - INFO - Epoch [81/100] (30750) train_mae: 2.6881, val_mae: 2.7727 lr:0.000002 970.7s
2020-05-29 09:55:30,895 - model.dcrnn_supervisor - INFO - Epoch [82/100] (31125) train_mae: 2.6872, val_mae: 2.7727 lr:0.000002 974.2s
2020-05-29 10:11:40,154 - model.dcrnn_supervisor - INFO - Epoch [83/100] (31500) train_mae: 2.6872, val_mae: 2.7727 lr:0.000002 969.3s
2020-05-29 10:27:54,081 - model.dcrnn_supervisor - INFO - Epoch [84/100] (31875) train_mae: 2.6868, val_mae: 2.7727 lr:0.000002 973.9s
2020-05-29 10:44:04,620 - model.dcrnn_supervisor - INFO - Epoch [85/100] (32250) train_mae: 2.6853, val_mae: 2.7728 lr:0.000002 970.5s
2020-05-29 11:00:11,098 - model.dcrnn_supervisor - INFO - Epoch [86/100] (32625) train_mae: 2.6855, val_mae: 2.7727 lr:0.000002 966.5s
2020-05-29 11:16:27,276 - model.dcrnn_supervisor - INFO - Epoch [87/100] (33000) train_mae: 2.6856, val_mae: 2.7727 lr:0.000002 976.2s
2020-05-29 11:32:45,117 - model.dcrnn_supervisor - INFO - Epoch [88/100] (33375) train_mae: 2.6851, val_mae: 2.7728 lr:0.000002 977.8s
2020-05-29 11:49:01,218 - model.dcrnn_supervisor - INFO - Epoch [89/100] (33750) train_mae: 2.6838, val_mae: 2.7728 lr:0.000002 976.1s
2020-05-29 11:49:01,219 - model.dcrnn_supervisor - INFO - Evaluation on Test data
2020-05-29 11:51:23,837 - model.dcrnn_supervisor - INFO - Horizon 01, MAE: 2.18, MAPE: 0.0520, RMSE: 3.78
2020-05-29 11:51:23,996 - model.dcrnn_supervisor - INFO - Horizon 02, MAE: 2.47, MAPE: 0.0616, RMSE: 4.61
2020-05-29 11:51:24,153 - model.dcrnn_supervisor - INFO - Horizon 03, MAE: 2.67, MAPE: 0.0688, RMSE: 5.19
2020-05-29 11:51:24,324 - model.dcrnn_supervisor - INFO - Horizon 04, MAE: 2.83, MAPE: 0.0746, RMSE: 5.64
2020-05-29 11:51:24,471 - model.dcrnn_supervisor - INFO - Horizon 05, MAE: 2.96, MAPE: 0.0796, RMSE: 6.01
2020-05-29 11:51:24,609 - model.dcrnn_supervisor - INFO - Horizon 06, MAE: 3.08, MAPE: 0.0841, RMSE: 6.33
2020-05-29 11:51:24,756 - model.dcrnn_supervisor - INFO - Horizon 07, MAE: 3.19, MAPE: 0.0881, RMSE: 6.60
2020-05-29 11:51:24,943 - model.dcrnn_supervisor - INFO - Horizon 08, MAE: 3.28, MAPE: 0.0917, RMSE: 6.84
2020-05-29 11:51:25,088 - model.dcrnn_supervisor - INFO - Horizon 09, MAE: 3.36, MAPE: 0.0949, RMSE: 7.05
2020-05-29 11:51:25,249 - model.dcrnn_supervisor - INFO - Horizon 10, MAE: 3.44, MAPE: 0.0979, RMSE: 7.23
2020-05-29 11:51:25,402 - model.dcrnn_supervisor - INFO - Horizon 11, MAE: 3.51, MAPE: 0.1007, RMSE: 7.40
2020-05-29 11:51:25,549 - model.dcrnn_supervisor - INFO - Horizon 12, MAE: 3.58, MAPE: 0.1034, RMSE: 7.56
2020-05-29 11:51:25,550 - model.dcrnn_supervisor - INFO - ===================================
2020-05-29 12:07:39,586 - model.dcrnn_supervisor - INFO - Epoch [90/100] (34125) train_mae: 2.6841, val_mae: 2.7728 lr:0.000002 974.0s
2020-05-29 12:23:52,076 - model.dcrnn_supervisor - INFO - Epoch [91/100] (34500) train_mae: 2.6840, val_mae: 2.7728 lr:0.000002 972.5s
2020-05-29 12:40:05,188 - model.dcrnn_supervisor - INFO - Epoch [92/100] (34875) train_mae: 2.6836, val_mae: 2.7728 lr:0.000002 973.1s
2020-05-29 12:56:19,615 - model.dcrnn_supervisor - INFO - Epoch [93/100] (35250) train_mae: 2.6832, val_mae: 2.7728 lr:0.000002 974.4s
2020-05-29 13:12:32,637 - model.dcrnn_supervisor - INFO - Epoch [94/100] (35625) train_mae: 2.6828, val_mae: 2.7728 lr:0.000002 973.0s
2020-05-29 13:28:43,722 - model.dcrnn_supervisor - INFO - Epoch [95/100] (36000) train_mae: 2.6825, val_mae: 2.7728 lr:0.000002 971.1s
2020-05-29 13:44:58,313 - model.dcrnn_supervisor - INFO - Epoch [96/100] (36375) train_mae: 2.6821, val_mae: 2.7729 lr:0.000002 974.6s
2020-05-29 14:01:10,198 - model.dcrnn_supervisor - INFO - Epoch [97/100] (36750) train_mae: 2.6818, val_mae: 2.7729 lr:0.000002 971.9s
2020-05-29 14:17:26,614 - model.dcrnn_supervisor - INFO - Epoch [98/100] (37125) train_mae: 2.6814, val_mae: 2.7729 lr:0.000002 976.4s
2020-05-29 14:33:52,309 - model.dcrnn_supervisor - INFO - Epoch [99/100] (37500) train_mae: 2.6810, val_mae: 2.7729 lr:0.000002 985.7s
2020-05-29 14:33:52,311 - model.dcrnn_supervisor - INFO - Evaluation on Test data
2020-05-29 14:36:16,313 - model.dcrnn_supervisor - INFO - Horizon 01, MAE: 2.18, MAPE: 0.0520, RMSE: 3.78
2020-05-29 14:36:16,467 - model.dcrnn_supervisor - INFO - Horizon 02, MAE: 2.48, MAPE: 0.0616, RMSE: 4.61
2020-05-29 14:36:16,602 - model.dcrnn_supervisor - INFO - Horizon 03, MAE: 2.67, MAPE: 0.0688, RMSE: 5.19
2020-05-29 14:36:16,733 - model.dcrnn_supervisor - INFO - Horizon 04, MAE: 2.83, MAPE: 0.0746, RMSE: 5.64
2020-05-29 14:36:16,867 - model.dcrnn_supervisor - INFO - Horizon 05, MAE: 2.96, MAPE: 0.0797, RMSE: 6.01
2020-05-29 14:36:17,015 - model.dcrnn_supervisor - INFO - Horizon 06, MAE: 3.08, MAPE: 0.0841, RMSE: 6.33
2020-05-29 14:36:17,149 - model.dcrnn_supervisor - INFO - Horizon 07, MAE: 3.19, MAPE: 0.0881, RMSE: 6.60
2020-05-29 14:36:17,286 - model.dcrnn_supervisor - INFO - Horizon 08, MAE: 3.28, MAPE: 0.0916, RMSE: 6.84
2020-05-29 14:36:17,425 - model.dcrnn_supervisor - INFO - Horizon 09, MAE: 3.36, MAPE: 0.0949, RMSE: 7.05
2020-05-29 14:36:17,568 - model.dcrnn_supervisor - INFO - Horizon 10, MAE: 3.44, MAPE: 0.0979, RMSE: 7.23
2020-05-29 14:36:17,720 - model.dcrnn_supervisor - INFO - Horizon 11, MAE: 3.51, MAPE: 0.1007, RMSE: 7.40
2020-05-29 14:36:17,890 - model.dcrnn_supervisor - INFO - Horizon 12, MAE: 3.58, MAPE: 0.1033, RMSE: 7.56
2020-05-29 14:36:17,891 - model.dcrnn_supervisor - INFO - ===================================
2020-05-29 14:52:39,168 - model.dcrnn_supervisor - INFO - Epoch [100/100] (37875) train_mae: 2.6807, val_mae: 2.7729 lr:0.000002 981.3s
