2020-05-29 21:55:27,680 - model.dcrnn_supervisor - INFO - Log directory: data/model/dcrnn_R_2_h_12_64-64_lr_0.01_bs_64_0529215527/
2020-05-29 21:55:27,690 - model.dcrnn_supervisor - INFO - {'base_dir': 'data/model', 'log_level': 'INFO', 'data': {'batch_size': 64, 'dataset_dir': 'data/METR-LA', 'test_batch_size': 64, 'val_batch_size': 64, 'graph_pkl_filename': 'data/sensor_graph/adj_mx.pkl'}, 'model': {'cl_decay_steps': 2000, 'filter_type': 'random_walk', 'horizon': 12, 'input_dim': 2, 'l1_decay': 0, 'max_diffusion_step': 2, 'num_nodes': 207, 'num_rnn_layers': 2, 'output_dim': 1, 'rnn_units': 64, 'seq_len': 12, 'use_curriculum_learning': True}, 'train': {'base_lr': 0.01, 'dropout': 0, 'epoch': 0, 'epochs': 100, 'epsilon': 0.001, 'global_step': 0, 'lr_decay_ratio': 0.1, 'max_grad_norm': 5, 'max_to_keep': 10, 'min_learning_rate': 2e-06, 'optimizer': 'adam', 'patience': 50, 'steps': [20, 30, 40, 50], 'test_every_n_epochs': 10}}
2020-05-29 21:55:39,724 - model.dcrnn_supervisor - INFO - ('x_train', (23974, 12, 207, 2))
2020-05-29 21:55:39,725 - model.dcrnn_supervisor - INFO - ('y_train', (23974, 12, 207, 2))
2020-05-29 21:55:39,725 - model.dcrnn_supervisor - INFO - ('x_val', (3425, 12, 207, 2))
2020-05-29 21:55:39,725 - model.dcrnn_supervisor - INFO - ('y_val', (3425, 12, 207, 2))
2020-05-29 21:55:39,725 - model.dcrnn_supervisor - INFO - ('x_test', (6850, 12, 207, 2))
2020-05-29 21:55:39,725 - model.dcrnn_supervisor - INFO - ('y_test', (6850, 12, 207, 2))
2020-05-29 21:55:49,344 - model.dcrnn_supervisor - INFO - Total number of trainable parameters: 223744
2020-05-29 21:55:50,748 - model.dcrnn_supervisor - INFO - Start training ...
2020-05-29 21:57:01,825 - model.dcrnn_supervisor - INFO - Epoch [0/100] (375) train_mae: 2.6764, val_mae: 3.7521 lr:0.010000 70.8s
2020-05-29 21:57:02,261 - model.dcrnn_supervisor - INFO - Val loss decrease from inf to 3.7521, saving to data/model/dcrnn_R_2_h_12_64-64_lr_0.01_bs_64_0529215527/models-3.7521-375
2020-05-29 21:58:12,875 - model.dcrnn_supervisor - INFO - Epoch [1/100] (750) train_mae: 2.3795, val_mae: 3.4194 lr:0.010000 70.6s
2020-05-29 21:58:12,927 - model.dcrnn_supervisor - INFO - Val loss decrease from 3.7521 to 3.4194, saving to data/model/dcrnn_R_2_h_12_64-64_lr_0.01_bs_64_0529215527/models-3.4194-750
2020-05-29 21:59:23,915 - model.dcrnn_supervisor - INFO - Epoch [2/100] (1125) train_mae: 2.3096, val_mae: 3.3351 lr:0.010000 71.0s
2020-05-29 21:59:23,961 - model.dcrnn_supervisor - INFO - Val loss decrease from 3.4194 to 3.3351, saving to data/model/dcrnn_R_2_h_12_64-64_lr_0.01_bs_64_0529215527/models-3.3351-1125
2020-05-29 22:00:35,269 - model.dcrnn_supervisor - INFO - Epoch [3/100] (1500) train_mae: 2.2767, val_mae: 3.3057 lr:0.010000 71.3s
2020-05-29 22:00:35,314 - model.dcrnn_supervisor - INFO - Val loss decrease from 3.3351 to 3.3057, saving to data/model/dcrnn_R_2_h_12_64-64_lr_0.01_bs_64_0529215527/models-3.3057-1500
2020-05-29 22:01:46,835 - model.dcrnn_supervisor - INFO - Epoch [4/100] (1875) train_mae: 2.2569, val_mae: 3.2337 lr:0.010000 71.5s
2020-05-29 22:01:46,885 - model.dcrnn_supervisor - INFO - Val loss decrease from 3.3057 to 3.2337, saving to data/model/dcrnn_R_2_h_12_64-64_lr_0.01_bs_64_0529215527/models-3.2337-1875
2020-05-29 22:02:58,608 - model.dcrnn_supervisor - INFO - Epoch [5/100] (2250) train_mae: 2.2414, val_mae: 3.1691 lr:0.010000 71.7s
2020-05-29 22:02:58,645 - model.dcrnn_supervisor - INFO - Val loss decrease from 3.2337 to 3.1691, saving to data/model/dcrnn_R_2_h_12_64-64_lr_0.01_bs_64_0529215527/models-3.1691-2250
2020-05-29 22:04:10,399 - model.dcrnn_supervisor - INFO - Epoch [6/100] (2625) train_mae: 2.2291, val_mae: 3.1544 lr:0.010000 71.8s
2020-05-29 22:04:10,427 - model.dcrnn_supervisor - INFO - Val loss decrease from 3.1691 to 3.1544, saving to data/model/dcrnn_R_2_h_12_64-64_lr_0.01_bs_64_0529215527/models-3.1544-2625
2020-05-29 22:05:22,338 - model.dcrnn_supervisor - INFO - Epoch [7/100] (3000) train_mae: 2.2160, val_mae: 3.1481 lr:0.010000 71.9s
2020-05-29 22:05:22,384 - model.dcrnn_supervisor - INFO - Val loss decrease from 3.1544 to 3.1481, saving to data/model/dcrnn_R_2_h_12_64-64_lr_0.01_bs_64_0529215527/models-3.1481-3000
2020-05-29 22:06:34,610 - model.dcrnn_supervisor - INFO - Epoch [8/100] (3375) train_mae: 2.2043, val_mae: 3.1210 lr:0.010000 72.2s
2020-05-29 22:06:34,657 - model.dcrnn_supervisor - INFO - Val loss decrease from 3.1481 to 3.1210, saving to data/model/dcrnn_R_2_h_12_64-64_lr_0.01_bs_64_0529215527/models-3.1210-3375
2020-05-29 22:07:47,150 - model.dcrnn_supervisor - INFO - Epoch [9/100] (3750) train_mae: 2.1943, val_mae: 3.0899 lr:0.010000 72.5s
2020-05-29 22:07:58,232 - model.dcrnn_supervisor - INFO - Horizon 01, MAE: 2.34, MAPE: 0.0575, RMSE: 4.14
2020-05-29 22:07:58,316 - model.dcrnn_supervisor - INFO - Horizon 02, MAE: 2.68, MAPE: 0.0690, RMSE: 5.12
2020-05-29 22:07:58,400 - model.dcrnn_supervisor - INFO - Horizon 03, MAE: 2.91, MAPE: 0.0774, RMSE: 5.76
2020-05-29 22:07:58,473 - model.dcrnn_supervisor - INFO - Horizon 04, MAE: 3.11, MAPE: 0.0851, RMSE: 6.27
2020-05-29 22:07:58,543 - model.dcrnn_supervisor - INFO - Horizon 05, MAE: 3.28, MAPE: 0.0920, RMSE: 6.71
2020-05-29 22:07:58,613 - model.dcrnn_supervisor - INFO - Horizon 06, MAE: 3.45, MAPE: 0.0982, RMSE: 7.09
2020-05-29 22:07:58,683 - model.dcrnn_supervisor - INFO - Horizon 07, MAE: 3.59, MAPE: 0.1038, RMSE: 7.42
2020-05-29 22:07:58,753 - model.dcrnn_supervisor - INFO - Horizon 08, MAE: 3.73, MAPE: 0.1088, RMSE: 7.72
2020-05-29 22:07:58,822 - model.dcrnn_supervisor - INFO - Horizon 09, MAE: 3.86, MAPE: 0.1133, RMSE: 8.00
2020-05-29 22:07:58,892 - model.dcrnn_supervisor - INFO - Horizon 10, MAE: 3.99, MAPE: 0.1175, RMSE: 8.25
2020-05-29 22:07:58,962 - model.dcrnn_supervisor - INFO - Horizon 11, MAE: 4.11, MAPE: 0.1215, RMSE: 8.49
2020-05-29 22:07:59,032 - model.dcrnn_supervisor - INFO - Horizon 12, MAE: 4.23, MAPE: 0.1254, RMSE: 8.73
2020-05-29 22:07:59,082 - model.dcrnn_supervisor - INFO - Val loss decrease from 3.1210 to 3.0899, saving to data/model/dcrnn_R_2_h_12_64-64_lr_0.01_bs_64_0529215527/models-3.0899-3750
2020-05-29 22:09:11,611 - model.dcrnn_supervisor - INFO - Epoch [10/100] (4125) train_mae: 2.1823, val_mae: 3.0642 lr:0.010000 72.5s
2020-05-29 22:09:11,664 - model.dcrnn_supervisor - INFO - Val loss decrease from 3.0899 to 3.0642, saving to data/model/dcrnn_R_2_h_12_64-64_lr_0.01_bs_64_0529215527/models-3.0642-4125
2020-05-29 22:10:25,618 - model.dcrnn_supervisor - INFO - Epoch [11/100] (4500) train_mae: 2.1725, val_mae: 3.0351 lr:0.010000 74.0s
2020-05-29 22:10:25,667 - model.dcrnn_supervisor - INFO - Val loss decrease from 3.0642 to 3.0351, saving to data/model/dcrnn_R_2_h_12_64-64_lr_0.01_bs_64_0529215527/models-3.0351-4500
2020-05-29 22:11:38,162 - model.dcrnn_supervisor - INFO - Epoch [12/100] (4875) train_mae: 2.1651, val_mae: 3.0123 lr:0.010000 72.5s
2020-05-29 22:11:38,215 - model.dcrnn_supervisor - INFO - Val loss decrease from 3.0351 to 3.0123, saving to data/model/dcrnn_R_2_h_12_64-64_lr_0.01_bs_64_0529215527/models-3.0123-4875
2020-05-29 22:12:50,611 - model.dcrnn_supervisor - INFO - Epoch [13/100] (5250) train_mae: 2.1568, val_mae: 3.0158 lr:0.010000 72.4s
2020-05-29 22:14:03,081 - model.dcrnn_supervisor - INFO - Epoch [14/100] (5625) train_mae: 2.1490, val_mae: 2.9990 lr:0.010000 72.5s
2020-05-29 22:14:03,135 - model.dcrnn_supervisor - INFO - Val loss decrease from 3.0123 to 2.9990, saving to data/model/dcrnn_R_2_h_12_64-64_lr_0.01_bs_64_0529215527/models-2.9990-5625
2020-05-29 22:15:15,275 - model.dcrnn_supervisor - INFO - Epoch [15/100] (6000) train_mae: 2.1431, val_mae: 3.0152 lr:0.010000 72.1s
2020-05-29 22:16:27,609 - model.dcrnn_supervisor - INFO - Epoch [16/100] (6375) train_mae: 2.1377, val_mae: 2.9909 lr:0.010000 72.3s
2020-05-29 22:16:27,662 - model.dcrnn_supervisor - INFO - Val loss decrease from 2.9990 to 2.9909, saving to data/model/dcrnn_R_2_h_12_64-64_lr_0.01_bs_64_0529215527/models-2.9909-6375
2020-05-29 22:17:40,001 - model.dcrnn_supervisor - INFO - Epoch [17/100] (6750) train_mae: 2.1325, val_mae: 2.9604 lr:0.010000 72.3s
2020-05-29 22:17:40,049 - model.dcrnn_supervisor - INFO - Val loss decrease from 2.9909 to 2.9604, saving to data/model/dcrnn_R_2_h_12_64-64_lr_0.01_bs_64_0529215527/models-2.9604-6750
2020-05-29 22:18:52,472 - model.dcrnn_supervisor - INFO - Epoch [18/100] (7125) train_mae: 2.1286, val_mae: 2.9839 lr:0.010000 72.4s
2020-05-29 22:20:04,849 - model.dcrnn_supervisor - INFO - Epoch [19/100] (7500) train_mae: 2.1231, val_mae: 2.9638 lr:0.010000 72.4s
2020-05-29 22:20:15,626 - model.dcrnn_supervisor - INFO - Horizon 01, MAE: 2.30, MAPE: 0.0560, RMSE: 4.05
2020-05-29 22:20:15,709 - model.dcrnn_supervisor - INFO - Horizon 02, MAE: 2.61, MAPE: 0.0664, RMSE: 4.99
2020-05-29 22:20:15,789 - model.dcrnn_supervisor - INFO - Horizon 03, MAE: 2.83, MAPE: 0.0739, RMSE: 5.62
2020-05-29 22:20:15,857 - model.dcrnn_supervisor - INFO - Horizon 04, MAE: 3.01, MAPE: 0.0803, RMSE: 6.12
2020-05-29 22:20:15,924 - model.dcrnn_supervisor - INFO - Horizon 05, MAE: 3.16, MAPE: 0.0856, RMSE: 6.53
2020-05-29 22:20:15,992 - model.dcrnn_supervisor - INFO - Horizon 06, MAE: 3.31, MAPE: 0.0905, RMSE: 6.89
2020-05-29 22:20:16,059 - model.dcrnn_supervisor - INFO - Horizon 07, MAE: 3.44, MAPE: 0.0949, RMSE: 7.20
2020-05-29 22:20:16,127 - model.dcrnn_supervisor - INFO - Horizon 08, MAE: 3.56, MAPE: 0.0990, RMSE: 7.49
2020-05-29 22:20:16,194 - model.dcrnn_supervisor - INFO - Horizon 09, MAE: 3.66, MAPE: 0.1026, RMSE: 7.74
2020-05-29 22:20:16,262 - model.dcrnn_supervisor - INFO - Horizon 10, MAE: 3.76, MAPE: 0.1058, RMSE: 7.97
2020-05-29 22:20:16,329 - model.dcrnn_supervisor - INFO - Horizon 11, MAE: 3.86, MAPE: 0.1089, RMSE: 8.19
2020-05-29 22:20:16,397 - model.dcrnn_supervisor - INFO - Horizon 12, MAE: 3.96, MAPE: 0.1119, RMSE: 8.40
2020-05-29 22:21:28,592 - model.dcrnn_supervisor - INFO - Epoch [20/100] (7875) train_mae: 2.1023, val_mae: 2.9226 lr:0.001000 72.2s
2020-05-29 22:21:28,639 - model.dcrnn_supervisor - INFO - Val loss decrease from 2.9604 to 2.9226, saving to data/model/dcrnn_R_2_h_12_64-64_lr_0.01_bs_64_0529215527/models-2.9226-7875
2020-05-29 22:22:40,878 - model.dcrnn_supervisor - INFO - Epoch [21/100] (8250) train_mae: 2.1037, val_mae: 2.9253 lr:0.001000 72.2s
2020-05-29 22:23:53,398 - model.dcrnn_supervisor - INFO - Epoch [22/100] (8625) train_mae: 2.1041, val_mae: 2.9285 lr:0.001000 72.5s
2020-05-29 22:25:05,685 - model.dcrnn_supervisor - INFO - Epoch [23/100] (9000) train_mae: 2.1064, val_mae: 2.9119 lr:0.001000 72.3s
2020-05-29 22:25:05,738 - model.dcrnn_supervisor - INFO - Val loss decrease from 2.9226 to 2.9119, saving to data/model/dcrnn_R_2_h_12_64-64_lr_0.01_bs_64_0529215527/models-2.9119-9000
2020-05-29 22:26:18,102 - model.dcrnn_supervisor - INFO - Epoch [24/100] (9375) train_mae: 2.1057, val_mae: 2.9278 lr:0.001000 72.4s
2020-05-29 22:27:30,448 - model.dcrnn_supervisor - INFO - Epoch [25/100] (9750) train_mae: 2.1097, val_mae: 2.9289 lr:0.001000 72.3s
2020-05-29 22:28:42,719 - model.dcrnn_supervisor - INFO - Epoch [26/100] (10125) train_mae: 2.1105, val_mae: 2.9193 lr:0.001000 72.3s
2020-05-29 22:29:55,034 - model.dcrnn_supervisor - INFO - Epoch [27/100] (10500) train_mae: 2.1175, val_mae: 2.9284 lr:0.001000 72.3s
2020-05-29 22:31:07,280 - model.dcrnn_supervisor - INFO - Epoch [28/100] (10875) train_mae: 2.1222, val_mae: 2.9225 lr:0.001000 72.2s
2020-05-29 22:32:19,668 - model.dcrnn_supervisor - INFO - Epoch [29/100] (11250) train_mae: 2.1274, val_mae: 2.9117 lr:0.001000 72.4s
2020-05-29 22:32:30,470 - model.dcrnn_supervisor - INFO - Horizon 01, MAE: 2.28, MAPE: 0.0554, RMSE: 4.02
2020-05-29 22:32:30,538 - model.dcrnn_supervisor - INFO - Horizon 02, MAE: 2.59, MAPE: 0.0660, RMSE: 4.95
2020-05-29 22:32:30,606 - model.dcrnn_supervisor - INFO - Horizon 03, MAE: 2.80, MAPE: 0.0736, RMSE: 5.56
2020-05-29 22:32:30,673 - model.dcrnn_supervisor - INFO - Horizon 04, MAE: 2.97, MAPE: 0.0798, RMSE: 6.04
2020-05-29 22:32:30,741 - model.dcrnn_supervisor - INFO - Horizon 05, MAE: 3.11, MAPE: 0.0851, RMSE: 6.42
2020-05-29 22:32:30,808 - model.dcrnn_supervisor - INFO - Horizon 06, MAE: 3.24, MAPE: 0.0897, RMSE: 6.75
2020-05-29 22:32:30,876 - model.dcrnn_supervisor - INFO - Horizon 07, MAE: 3.36, MAPE: 0.0940, RMSE: 7.03
2020-05-29 22:32:30,944 - model.dcrnn_supervisor - INFO - Horizon 08, MAE: 3.46, MAPE: 0.0978, RMSE: 7.29
2020-05-29 22:32:31,012 - model.dcrnn_supervisor - INFO - Horizon 09, MAE: 3.56, MAPE: 0.1012, RMSE: 7.51
2020-05-29 22:32:31,080 - model.dcrnn_supervisor - INFO - Horizon 10, MAE: 3.65, MAPE: 0.1044, RMSE: 7.72
2020-05-29 22:32:31,148 - model.dcrnn_supervisor - INFO - Horizon 11, MAE: 3.73, MAPE: 0.1074, RMSE: 7.91
2020-05-29 22:32:31,216 - model.dcrnn_supervisor - INFO - Horizon 12, MAE: 3.82, MAPE: 0.1103, RMSE: 8.09
2020-05-29 22:32:31,265 - model.dcrnn_supervisor - INFO - Val loss decrease from 2.9119 to 2.9117, saving to data/model/dcrnn_R_2_h_12_64-64_lr_0.01_bs_64_0529215527/models-2.9117-11250
2020-05-29 22:33:43,576 - model.dcrnn_supervisor - INFO - Epoch [30/100] (11625) train_mae: 2.1291, val_mae: 2.9092 lr:0.000100 72.3s
2020-05-29 22:33:43,628 - model.dcrnn_supervisor - INFO - Val loss decrease from 2.9117 to 2.9092, saving to data/model/dcrnn_R_2_h_12_64-64_lr_0.01_bs_64_0529215527/models-2.9092-11625
2020-05-29 22:34:55,973 - model.dcrnn_supervisor - INFO - Epoch [31/100] (12000) train_mae: 2.1376, val_mae: 2.9081 lr:0.000100 72.3s
2020-05-29 22:34:56,017 - model.dcrnn_supervisor - INFO - Val loss decrease from 2.9092 to 2.9081, saving to data/model/dcrnn_R_2_h_12_64-64_lr_0.01_bs_64_0529215527/models-2.9081-12000
2020-05-29 22:36:08,460 - model.dcrnn_supervisor - INFO - Epoch [32/100] (12375) train_mae: 2.1511, val_mae: 2.9049 lr:0.000100 72.4s
2020-05-29 22:36:08,507 - model.dcrnn_supervisor - INFO - Val loss decrease from 2.9081 to 2.9049, saving to data/model/dcrnn_R_2_h_12_64-64_lr_0.01_bs_64_0529215527/models-2.9049-12375
2020-05-29 22:37:21,017 - model.dcrnn_supervisor - INFO - Epoch [33/100] (12750) train_mae: 2.1580, val_mae: 2.9054 lr:0.000100 72.5s
2020-05-29 22:38:33,407 - model.dcrnn_supervisor - INFO - Epoch [34/100] (13125) train_mae: 2.1714, val_mae: 2.8999 lr:0.000100 72.4s
2020-05-29 22:38:33,457 - model.dcrnn_supervisor - INFO - Val loss decrease from 2.9049 to 2.8999, saving to data/model/dcrnn_R_2_h_12_64-64_lr_0.01_bs_64_0529215527/models-2.8999-13125
2020-05-29 22:39:45,615 - model.dcrnn_supervisor - INFO - Epoch [35/100] (13500) train_mae: 2.1872, val_mae: 2.8958 lr:0.000100 72.2s
2020-05-29 22:39:45,673 - model.dcrnn_supervisor - INFO - Val loss decrease from 2.8999 to 2.8958, saving to data/model/dcrnn_R_2_h_12_64-64_lr_0.01_bs_64_0529215527/models-2.8958-13500
2020-05-29 22:40:58,002 - model.dcrnn_supervisor - INFO - Epoch [36/100] (13875) train_mae: 2.2025, val_mae: 2.8902 lr:0.000100 72.3s
2020-05-29 22:40:58,061 - model.dcrnn_supervisor - INFO - Val loss decrease from 2.8958 to 2.8902, saving to data/model/dcrnn_R_2_h_12_64-64_lr_0.01_bs_64_0529215527/models-2.8902-13875
2020-05-29 22:42:10,511 - model.dcrnn_supervisor - INFO - Epoch [37/100] (14250) train_mae: 2.2272, val_mae: 2.8891 lr:0.000100 72.4s
2020-05-29 22:42:10,558 - model.dcrnn_supervisor - INFO - Val loss decrease from 2.8902 to 2.8891, saving to data/model/dcrnn_R_2_h_12_64-64_lr_0.01_bs_64_0529215527/models-2.8891-14250
2020-05-29 22:43:22,761 - model.dcrnn_supervisor - INFO - Epoch [38/100] (14625) train_mae: 2.2533, val_mae: 2.8870 lr:0.000100 72.2s
2020-05-29 22:43:22,814 - model.dcrnn_supervisor - INFO - Val loss decrease from 2.8891 to 2.8870, saving to data/model/dcrnn_R_2_h_12_64-64_lr_0.01_bs_64_0529215527/models-2.8870-14625
2020-05-29 22:44:35,120 - model.dcrnn_supervisor - INFO - Epoch [39/100] (15000) train_mae: 2.2712, val_mae: 2.8829 lr:0.000100 72.3s
2020-05-29 22:44:45,922 - model.dcrnn_supervisor - INFO - Horizon 01, MAE: 2.28, MAPE: 0.0557, RMSE: 4.01
2020-05-29 22:44:46,004 - model.dcrnn_supervisor - INFO - Horizon 02, MAE: 2.58, MAPE: 0.0662, RMSE: 4.91
2020-05-29 22:44:46,085 - model.dcrnn_supervisor - INFO - Horizon 03, MAE: 2.78, MAPE: 0.0737, RMSE: 5.50
2020-05-29 22:44:46,166 - model.dcrnn_supervisor - INFO - Horizon 04, MAE: 2.95, MAPE: 0.0800, RMSE: 5.96
2020-05-29 22:44:46,246 - model.dcrnn_supervisor - INFO - Horizon 05, MAE: 3.09, MAPE: 0.0854, RMSE: 6.32
2020-05-29 22:44:46,315 - model.dcrnn_supervisor - INFO - Horizon 06, MAE: 3.21, MAPE: 0.0901, RMSE: 6.64
2020-05-29 22:44:46,384 - model.dcrnn_supervisor - INFO - Horizon 07, MAE: 3.32, MAPE: 0.0944, RMSE: 6.91
2020-05-29 22:44:46,452 - model.dcrnn_supervisor - INFO - Horizon 08, MAE: 3.42, MAPE: 0.0983, RMSE: 7.15
2020-05-29 22:44:46,521 - model.dcrnn_supervisor - INFO - Horizon 09, MAE: 3.51, MAPE: 0.1018, RMSE: 7.36
2020-05-29 22:44:46,594 - model.dcrnn_supervisor - INFO - Horizon 10, MAE: 3.59, MAPE: 0.1050, RMSE: 7.55
2020-05-29 22:44:46,663 - model.dcrnn_supervisor - INFO - Horizon 11, MAE: 3.67, MAPE: 0.1080, RMSE: 7.72
2020-05-29 22:44:46,731 - model.dcrnn_supervisor - INFO - Horizon 12, MAE: 3.74, MAPE: 0.1109, RMSE: 7.90
2020-05-29 22:44:46,785 - model.dcrnn_supervisor - INFO - Val loss decrease from 2.8870 to 2.8829, saving to data/model/dcrnn_R_2_h_12_64-64_lr_0.01_bs_64_0529215527/models-2.8829-15000
2020-05-29 22:45:58,913 - model.dcrnn_supervisor - INFO - Epoch [40/100] (15375) train_mae: 2.2989, val_mae: 2.8807 lr:0.000010 72.1s
2020-05-29 22:45:58,968 - model.dcrnn_supervisor - INFO - Val loss decrease from 2.8829 to 2.8807, saving to data/model/dcrnn_R_2_h_12_64-64_lr_0.01_bs_64_0529215527/models-2.8807-15375
2020-05-29 22:47:11,032 - model.dcrnn_supervisor - INFO - Epoch [41/100] (15750) train_mae: 2.3334, val_mae: 2.8802 lr:0.000010 72.1s
2020-05-29 22:47:11,084 - model.dcrnn_supervisor - INFO - Val loss decrease from 2.8807 to 2.8802, saving to data/model/dcrnn_R_2_h_12_64-64_lr_0.01_bs_64_0529215527/models-2.8802-15750
2020-05-29 22:48:23,246 - model.dcrnn_supervisor - INFO - Epoch [42/100] (16125) train_mae: 2.3642, val_mae: 2.8773 lr:0.000010 72.2s
2020-05-29 22:48:23,295 - model.dcrnn_supervisor - INFO - Val loss decrease from 2.8802 to 2.8773, saving to data/model/dcrnn_R_2_h_12_64-64_lr_0.01_bs_64_0529215527/models-2.8773-16125
2020-05-29 22:49:35,003 - model.dcrnn_supervisor - INFO - Epoch [43/100] (16500) train_mae: 2.4141, val_mae: 2.8752 lr:0.000010 71.7s
2020-05-29 22:49:35,057 - model.dcrnn_supervisor - INFO - Val loss decrease from 2.8773 to 2.8752, saving to data/model/dcrnn_R_2_h_12_64-64_lr_0.01_bs_64_0529215527/models-2.8752-16500
2020-05-29 22:50:47,246 - model.dcrnn_supervisor - INFO - Epoch [44/100] (16875) train_mae: 2.4244, val_mae: 2.8750 lr:0.000010 72.2s
2020-05-29 22:50:47,297 - model.dcrnn_supervisor - INFO - Val loss decrease from 2.8752 to 2.8750, saving to data/model/dcrnn_R_2_h_12_64-64_lr_0.01_bs_64_0529215527/models-2.8750-16875
2020-05-29 22:51:59,288 - model.dcrnn_supervisor - INFO - Epoch [45/100] (17250) train_mae: 2.4696, val_mae: 2.8715 lr:0.000010 72.0s
2020-05-29 22:51:59,334 - model.dcrnn_supervisor - INFO - Val loss decrease from 2.8750 to 2.8715, saving to data/model/dcrnn_R_2_h_12_64-64_lr_0.01_bs_64_0529215527/models-2.8715-17250
2020-05-29 22:53:11,413 - model.dcrnn_supervisor - INFO - Epoch [46/100] (17625) train_mae: 2.5144, val_mae: 2.8704 lr:0.000010 72.1s
2020-05-29 22:53:11,465 - model.dcrnn_supervisor - INFO - Val loss decrease from 2.8715 to 2.8704, saving to data/model/dcrnn_R_2_h_12_64-64_lr_0.01_bs_64_0529215527/models-2.8704-17625
2020-05-29 22:54:23,417 - model.dcrnn_supervisor - INFO - Epoch [47/100] (18000) train_mae: 2.5442, val_mae: 2.8685 lr:0.000010 72.0s
2020-05-29 22:54:23,467 - model.dcrnn_supervisor - INFO - Val loss decrease from 2.8704 to 2.8685, saving to data/model/dcrnn_R_2_h_12_64-64_lr_0.01_bs_64_0529215527/models-2.8685-18000
2020-05-29 22:55:35,239 - model.dcrnn_supervisor - INFO - Epoch [48/100] (18375) train_mae: 2.5796, val_mae: 2.8677 lr:0.000010 71.8s
2020-05-29 22:55:35,292 - model.dcrnn_supervisor - INFO - Val loss decrease from 2.8685 to 2.8677, saving to data/model/dcrnn_R_2_h_12_64-64_lr_0.01_bs_64_0529215527/models-2.8677-18375
2020-05-29 22:56:47,380 - model.dcrnn_supervisor - INFO - Epoch [49/100] (18750) train_mae: 2.6188, val_mae: 2.8665 lr:0.000010 72.1s
2020-05-29 22:56:58,228 - model.dcrnn_supervisor - INFO - Horizon 01, MAE: 2.28, MAPE: 0.0558, RMSE: 4.01
2020-05-29 22:56:58,309 - model.dcrnn_supervisor - INFO - Horizon 02, MAE: 2.59, MAPE: 0.0664, RMSE: 4.90
2020-05-29 22:56:58,383 - model.dcrnn_supervisor - INFO - Horizon 03, MAE: 2.78, MAPE: 0.0740, RMSE: 5.49
2020-05-29 22:56:58,451 - model.dcrnn_supervisor - INFO - Horizon 04, MAE: 2.95, MAPE: 0.0803, RMSE: 5.94
2020-05-29 22:56:58,518 - model.dcrnn_supervisor - INFO - Horizon 05, MAE: 3.08, MAPE: 0.0856, RMSE: 6.30
2020-05-29 22:56:58,586 - model.dcrnn_supervisor - INFO - Horizon 06, MAE: 3.20, MAPE: 0.0902, RMSE: 6.60
2020-05-29 22:56:58,654 - model.dcrnn_supervisor - INFO - Horizon 07, MAE: 3.30, MAPE: 0.0944, RMSE: 6.86
2020-05-29 22:56:58,722 - model.dcrnn_supervisor - INFO - Horizon 08, MAE: 3.39, MAPE: 0.0982, RMSE: 7.09
2020-05-29 22:56:58,790 - model.dcrnn_supervisor - INFO - Horizon 09, MAE: 3.48, MAPE: 0.1015, RMSE: 7.29
2020-05-29 22:56:58,858 - model.dcrnn_supervisor - INFO - Horizon 10, MAE: 3.55, MAPE: 0.1045, RMSE: 7.47
2020-05-29 22:56:58,926 - model.dcrnn_supervisor - INFO - Horizon 11, MAE: 3.62, MAPE: 0.1074, RMSE: 7.63
2020-05-29 22:56:58,994 - model.dcrnn_supervisor - INFO - Horizon 12, MAE: 3.69, MAPE: 0.1102, RMSE: 7.79
2020-05-29 22:56:59,048 - model.dcrnn_supervisor - INFO - Val loss decrease from 2.8677 to 2.8665, saving to data/model/dcrnn_R_2_h_12_64-64_lr_0.01_bs_64_0529215527/models-2.8665-18750
2020-05-29 22:58:10,775 - model.dcrnn_supervisor - INFO - Epoch [50/100] (19125) train_mae: 2.6510, val_mae: 2.8657 lr:0.000002 71.7s
2020-05-29 22:58:10,824 - model.dcrnn_supervisor - INFO - Val loss decrease from 2.8665 to 2.8657, saving to data/model/dcrnn_R_2_h_12_64-64_lr_0.01_bs_64_0529215527/models-2.8657-19125
2020-05-29 22:59:22,827 - model.dcrnn_supervisor - INFO - Epoch [51/100] (19500) train_mae: 2.6771, val_mae: 2.8655 lr:0.000002 72.0s
2020-05-29 22:59:22,870 - model.dcrnn_supervisor - INFO - Val loss decrease from 2.8657 to 2.8655, saving to data/model/dcrnn_R_2_h_12_64-64_lr_0.01_bs_64_0529215527/models-2.8655-19500
2020-05-29 23:00:34,721 - model.dcrnn_supervisor - INFO - Epoch [52/100] (19875) train_mae: 2.7070, val_mae: 2.8655 lr:0.000002 71.8s
2020-05-29 23:00:34,776 - model.dcrnn_supervisor - INFO - Val loss decrease from 2.8655 to 2.8655, saving to data/model/dcrnn_R_2_h_12_64-64_lr_0.01_bs_64_0529215527/models-2.8655-19875
2020-05-29 23:01:46,762 - model.dcrnn_supervisor - INFO - Epoch [53/100] (20250) train_mae: 2.7269, val_mae: 2.8652 lr:0.000002 72.0s
2020-05-29 23:01:46,815 - model.dcrnn_supervisor - INFO - Val loss decrease from 2.8655 to 2.8652, saving to data/model/dcrnn_R_2_h_12_64-64_lr_0.01_bs_64_0529215527/models-2.8652-20250
2020-05-29 23:02:58,561 - model.dcrnn_supervisor - INFO - Epoch [54/100] (20625) train_mae: 2.7394, val_mae: 2.8652 lr:0.000002 71.7s
2020-05-29 23:02:58,612 - model.dcrnn_supervisor - INFO - Val loss decrease from 2.8652 to 2.8652, saving to data/model/dcrnn_R_2_h_12_64-64_lr_0.01_bs_64_0529215527/models-2.8652-20625
2020-05-29 23:04:10,315 - model.dcrnn_supervisor - INFO - Epoch [55/100] (21000) train_mae: 2.7602, val_mae: 2.8650 lr:0.000002 71.7s
2020-05-29 23:04:10,375 - model.dcrnn_supervisor - INFO - Val loss decrease from 2.8652 to 2.8650, saving to data/model/dcrnn_R_2_h_12_64-64_lr_0.01_bs_64_0529215527/models-2.8650-21000
2020-05-29 23:05:22,274 - model.dcrnn_supervisor - INFO - Epoch [56/100] (21375) train_mae: 2.7645, val_mae: 2.8650 lr:0.000002 71.9s
2020-05-29 23:05:22,324 - model.dcrnn_supervisor - INFO - Val loss decrease from 2.8650 to 2.8650, saving to data/model/dcrnn_R_2_h_12_64-64_lr_0.01_bs_64_0529215527/models-2.8650-21375
2020-05-29 23:06:34,275 - model.dcrnn_supervisor - INFO - Epoch [57/100] (21750) train_mae: 2.8016, val_mae: 2.8647 lr:0.000002 71.9s
2020-05-29 23:06:34,329 - model.dcrnn_supervisor - INFO - Val loss decrease from 2.8650 to 2.8647, saving to data/model/dcrnn_R_2_h_12_64-64_lr_0.01_bs_64_0529215527/models-2.8647-21750
2020-05-29 23:07:46,279 - model.dcrnn_supervisor - INFO - Epoch [58/100] (22125) train_mae: 2.8003, val_mae: 2.8646 lr:0.000002 71.9s
2020-05-29 23:07:46,331 - model.dcrnn_supervisor - INFO - Val loss decrease from 2.8647 to 2.8646, saving to data/model/dcrnn_R_2_h_12_64-64_lr_0.01_bs_64_0529215527/models-2.8646-22125
2020-05-29 23:08:58,101 - model.dcrnn_supervisor - INFO - Epoch [59/100] (22500) train_mae: 2.8159, val_mae: 2.8645 lr:0.000002 71.8s
2020-05-29 23:09:08,961 - model.dcrnn_supervisor - INFO - Horizon 01, MAE: 2.28, MAPE: 0.0558, RMSE: 4.01
2020-05-29 23:09:09,041 - model.dcrnn_supervisor - INFO - Horizon 02, MAE: 2.59, MAPE: 0.0664, RMSE: 4.90
2020-05-29 23:09:09,114 - model.dcrnn_supervisor - INFO - Horizon 03, MAE: 2.78, MAPE: 0.0740, RMSE: 5.48
2020-05-29 23:09:09,182 - model.dcrnn_supervisor - INFO - Horizon 04, MAE: 2.95, MAPE: 0.0803, RMSE: 5.93
2020-05-29 23:09:09,249 - model.dcrnn_supervisor - INFO - Horizon 05, MAE: 3.08, MAPE: 0.0856, RMSE: 6.28
2020-05-29 23:09:09,317 - model.dcrnn_supervisor - INFO - Horizon 06, MAE: 3.20, MAPE: 0.0902, RMSE: 6.58
2020-05-29 23:09:09,385 - model.dcrnn_supervisor - INFO - Horizon 07, MAE: 3.30, MAPE: 0.0944, RMSE: 6.84
2020-05-29 23:09:09,453 - model.dcrnn_supervisor - INFO - Horizon 08, MAE: 3.39, MAPE: 0.0981, RMSE: 7.07
2020-05-29 23:09:09,520 - model.dcrnn_supervisor - INFO - Horizon 09, MAE: 3.47, MAPE: 0.1013, RMSE: 7.26
2020-05-29 23:09:09,588 - model.dcrnn_supervisor - INFO - Horizon 10, MAE: 3.54, MAPE: 0.1043, RMSE: 7.44
2020-05-29 23:09:09,655 - model.dcrnn_supervisor - INFO - Horizon 11, MAE: 3.61, MAPE: 0.1071, RMSE: 7.60
2020-05-29 23:09:09,723 - model.dcrnn_supervisor - INFO - Horizon 12, MAE: 3.68, MAPE: 0.1098, RMSE: 7.76
2020-05-29 23:09:09,804 - model.dcrnn_supervisor - INFO - Val loss decrease from 2.8646 to 2.8645, saving to data/model/dcrnn_R_2_h_12_64-64_lr_0.01_bs_64_0529215527/models-2.8645-22500
2020-05-29 23:10:21,323 - model.dcrnn_supervisor - INFO - Epoch [60/100] (22875) train_mae: 2.8230, val_mae: 2.8643 lr:0.000002 71.5s
2020-05-29 23:10:21,375 - model.dcrnn_supervisor - INFO - Val loss decrease from 2.8645 to 2.8643, saving to data/model/dcrnn_R_2_h_12_64-64_lr_0.01_bs_64_0529215527/models-2.8643-22875
2020-05-29 23:11:33,103 - model.dcrnn_supervisor - INFO - Epoch [61/100] (23250) train_mae: 2.8276, val_mae: 2.8643 lr:0.000002 71.7s
2020-05-29 23:12:44,883 - model.dcrnn_supervisor - INFO - Epoch [62/100] (23625) train_mae: 2.8329, val_mae: 2.8643 lr:0.000002 71.8s
2020-05-29 23:12:44,938 - model.dcrnn_supervisor - INFO - Val loss decrease from 2.8643 to 2.8643, saving to data/model/dcrnn_R_2_h_12_64-64_lr_0.01_bs_64_0529215527/models-2.8643-23625
2020-05-29 23:13:56,863 - model.dcrnn_supervisor - INFO - Epoch [63/100] (24000) train_mae: 2.8417, val_mae: 2.8644 lr:0.000002 71.9s
2020-05-29 23:15:08,890 - model.dcrnn_supervisor - INFO - Epoch [64/100] (24375) train_mae: 2.8379, val_mae: 2.8644 lr:0.000002 72.0s
2020-05-29 23:16:20,808 - model.dcrnn_supervisor - INFO - Epoch [65/100] (24750) train_mae: 2.8449, val_mae: 2.8643 lr:0.000002 71.9s
2020-05-29 23:17:32,509 - model.dcrnn_supervisor - INFO - Epoch [66/100] (25125) train_mae: 2.8475, val_mae: 2.8642 lr:0.000002 71.7s
2020-05-29 23:17:32,558 - model.dcrnn_supervisor - INFO - Val loss decrease from 2.8643 to 2.8642, saving to data/model/dcrnn_R_2_h_12_64-64_lr_0.01_bs_64_0529215527/models-2.8642-25125
2020-05-29 23:18:44,391 - model.dcrnn_supervisor - INFO - Epoch [67/100] (25500) train_mae: 2.8512, val_mae: 2.8643 lr:0.000002 71.8s
2020-05-29 23:19:56,402 - model.dcrnn_supervisor - INFO - Epoch [68/100] (25875) train_mae: 2.8506, val_mae: 2.8640 lr:0.000002 72.0s
2020-05-29 23:19:56,454 - model.dcrnn_supervisor - INFO - Val loss decrease from 2.8642 to 2.8640, saving to data/model/dcrnn_R_2_h_12_64-64_lr_0.01_bs_64_0529215527/models-2.8640-25875
2020-05-29 23:21:08,543 - model.dcrnn_supervisor - INFO - Epoch [69/100] (26250) train_mae: 2.8536, val_mae: 2.8640 lr:0.000002 72.1s
2020-05-29 23:21:19,407 - model.dcrnn_supervisor - INFO - Horizon 01, MAE: 2.28, MAPE: 0.0558, RMSE: 4.01
2020-05-29 23:21:19,487 - model.dcrnn_supervisor - INFO - Horizon 02, MAE: 2.59, MAPE: 0.0664, RMSE: 4.90
2020-05-29 23:21:19,562 - model.dcrnn_supervisor - INFO - Horizon 03, MAE: 2.79, MAPE: 0.0740, RMSE: 5.48
2020-05-29 23:21:19,630 - model.dcrnn_supervisor - INFO - Horizon 04, MAE: 2.95, MAPE: 0.0803, RMSE: 5.93
2020-05-29 23:21:19,697 - model.dcrnn_supervisor - INFO - Horizon 05, MAE: 3.08, MAPE: 0.0856, RMSE: 6.28
2020-05-29 23:21:19,765 - model.dcrnn_supervisor - INFO - Horizon 06, MAE: 3.20, MAPE: 0.0902, RMSE: 6.58
2020-05-29 23:21:19,833 - model.dcrnn_supervisor - INFO - Horizon 07, MAE: 3.30, MAPE: 0.0944, RMSE: 6.84
2020-05-29 23:21:19,900 - model.dcrnn_supervisor - INFO - Horizon 08, MAE: 3.39, MAPE: 0.0981, RMSE: 7.06
2020-05-29 23:21:19,967 - model.dcrnn_supervisor - INFO - Horizon 09, MAE: 3.47, MAPE: 0.1013, RMSE: 7.26
2020-05-29 23:21:20,035 - model.dcrnn_supervisor - INFO - Horizon 10, MAE: 3.54, MAPE: 0.1043, RMSE: 7.43
2020-05-29 23:21:20,103 - model.dcrnn_supervisor - INFO - Horizon 11, MAE: 3.61, MAPE: 0.1070, RMSE: 7.59
2020-05-29 23:21:20,171 - model.dcrnn_supervisor - INFO - Horizon 12, MAE: 3.68, MAPE: 0.1098, RMSE: 7.74
2020-05-29 23:21:20,226 - model.dcrnn_supervisor - INFO - Val loss decrease from 2.8640 to 2.8640, saving to data/model/dcrnn_R_2_h_12_64-64_lr_0.01_bs_64_0529215527/models-2.8640-26250
2020-05-29 23:22:31,999 - model.dcrnn_supervisor - INFO - Epoch [70/100] (26625) train_mae: 2.8527, val_mae: 2.8642 lr:0.000002 71.8s
2020-05-29 23:23:43,799 - model.dcrnn_supervisor - INFO - Epoch [71/100] (27000) train_mae: 2.8580, val_mae: 2.8642 lr:0.000002 71.8s
2020-05-29 23:24:55,762 - model.dcrnn_supervisor - INFO - Epoch [72/100] (27375) train_mae: 2.8545, val_mae: 2.8641 lr:0.000002 72.0s
2020-05-29 23:26:07,647 - model.dcrnn_supervisor - INFO - Epoch [73/100] (27750) train_mae: 2.8568, val_mae: 2.8641 lr:0.000002 71.9s
2020-05-29 23:27:19,517 - model.dcrnn_supervisor - INFO - Epoch [74/100] (28125) train_mae: 2.8558, val_mae: 2.8641 lr:0.000002 71.9s
2020-05-29 23:28:31,462 - model.dcrnn_supervisor - INFO - Epoch [75/100] (28500) train_mae: 2.8579, val_mae: 2.8641 lr:0.000002 71.9s
2020-05-29 23:29:43,436 - model.dcrnn_supervisor - INFO - Epoch [76/100] (28875) train_mae: 2.8583, val_mae: 2.8640 lr:0.000002 72.0s
2020-05-29 23:30:55,249 - model.dcrnn_supervisor - INFO - Epoch [77/100] (29250) train_mae: 2.8572, val_mae: 2.8641 lr:0.000002 71.8s
2020-05-29 23:32:07,130 - model.dcrnn_supervisor - INFO - Epoch [78/100] (29625) train_mae: 2.8583, val_mae: 2.8641 lr:0.000002 71.9s
2020-05-29 23:33:19,065 - model.dcrnn_supervisor - INFO - Epoch [79/100] (30000) train_mae: 2.8576, val_mae: 2.8641 lr:0.000002 71.9s
2020-05-29 23:33:29,965 - model.dcrnn_supervisor - INFO - Horizon 01, MAE: 2.28, MAPE: 0.0558, RMSE: 4.01
2020-05-29 23:33:30,047 - model.dcrnn_supervisor - INFO - Horizon 02, MAE: 2.59, MAPE: 0.0664, RMSE: 4.90
2020-05-29 23:33:30,120 - model.dcrnn_supervisor - INFO - Horizon 03, MAE: 2.79, MAPE: 0.0740, RMSE: 5.48
2020-05-29 23:33:30,187 - model.dcrnn_supervisor - INFO - Horizon 04, MAE: 2.95, MAPE: 0.0803, RMSE: 5.93
2020-05-29 23:33:30,254 - model.dcrnn_supervisor - INFO - Horizon 05, MAE: 3.08, MAPE: 0.0856, RMSE: 6.28
2020-05-29 23:33:30,321 - model.dcrnn_supervisor - INFO - Horizon 06, MAE: 3.20, MAPE: 0.0902, RMSE: 6.58
2020-05-29 23:33:30,389 - model.dcrnn_supervisor - INFO - Horizon 07, MAE: 3.30, MAPE: 0.0943, RMSE: 6.83
2020-05-29 23:33:30,456 - model.dcrnn_supervisor - INFO - Horizon 08, MAE: 3.39, MAPE: 0.0979, RMSE: 7.06
2020-05-29 23:33:30,523 - model.dcrnn_supervisor - INFO - Horizon 09, MAE: 3.47, MAPE: 0.1011, RMSE: 7.25
2020-05-29 23:33:30,590 - model.dcrnn_supervisor - INFO - Horizon 10, MAE: 3.54, MAPE: 0.1041, RMSE: 7.43
2020-05-29 23:33:30,658 - model.dcrnn_supervisor - INFO - Horizon 11, MAE: 3.61, MAPE: 0.1068, RMSE: 7.58
2020-05-29 23:33:30,725 - model.dcrnn_supervisor - INFO - Horizon 12, MAE: 3.68, MAPE: 0.1095, RMSE: 7.74
2020-05-29 23:34:42,436 - model.dcrnn_supervisor - INFO - Epoch [80/100] (30375) train_mae: 2.8565, val_mae: 2.8641 lr:0.000002 71.7s
2020-05-29 23:35:54,440 - model.dcrnn_supervisor - INFO - Epoch [81/100] (30750) train_mae: 2.8564, val_mae: 2.8641 lr:0.000002 72.0s
2020-05-29 23:37:06,257 - model.dcrnn_supervisor - INFO - Epoch [82/100] (31125) train_mae: 2.8563, val_mae: 2.8641 lr:0.000002 71.8s
2020-05-29 23:38:18,204 - model.dcrnn_supervisor - INFO - Epoch [83/100] (31500) train_mae: 2.8566, val_mae: 2.8641 lr:0.000002 71.9s
2020-05-29 23:39:30,196 - model.dcrnn_supervisor - INFO - Epoch [84/100] (31875) train_mae: 2.8555, val_mae: 2.8641 lr:0.000002 72.0s
2020-05-29 23:40:42,299 - model.dcrnn_supervisor - INFO - Epoch [85/100] (32250) train_mae: 2.8549, val_mae: 2.8641 lr:0.000002 72.1s
2020-05-29 23:41:54,156 - model.dcrnn_supervisor - INFO - Epoch [86/100] (32625) train_mae: 2.8559, val_mae: 2.8640 lr:0.000002 71.9s
2020-05-29 23:43:06,083 - model.dcrnn_supervisor - INFO - Epoch [87/100] (33000) train_mae: 2.8556, val_mae: 2.8640 lr:0.000002 71.9s
2020-05-29 23:44:18,102 - model.dcrnn_supervisor - INFO - Epoch [88/100] (33375) train_mae: 2.8544, val_mae: 2.8640 lr:0.000002 72.0s
2020-05-29 23:44:18,152 - model.dcrnn_supervisor - INFO - Val loss decrease from 2.8640 to 2.8640, saving to data/model/dcrnn_R_2_h_12_64-64_lr_0.01_bs_64_0529215527/models-2.8640-33375
2020-05-29 23:45:29,987 - model.dcrnn_supervisor - INFO - Epoch [89/100] (33750) train_mae: 2.8545, val_mae: 2.8639 lr:0.000002 71.8s
2020-05-29 23:45:40,908 - model.dcrnn_supervisor - INFO - Horizon 01, MAE: 2.28, MAPE: 0.0558, RMSE: 4.01
2020-05-29 23:45:40,990 - model.dcrnn_supervisor - INFO - Horizon 02, MAE: 2.59, MAPE: 0.0664, RMSE: 4.90
2020-05-29 23:45:41,065 - model.dcrnn_supervisor - INFO - Horizon 03, MAE: 2.79, MAPE: 0.0740, RMSE: 5.48
2020-05-29 23:45:41,131 - model.dcrnn_supervisor - INFO - Horizon 04, MAE: 2.95, MAPE: 0.0803, RMSE: 5.93
2020-05-29 23:45:41,197 - model.dcrnn_supervisor - INFO - Horizon 05, MAE: 3.08, MAPE: 0.0856, RMSE: 6.28
2020-05-29 23:45:41,263 - model.dcrnn_supervisor - INFO - Horizon 06, MAE: 3.20, MAPE: 0.0901, RMSE: 6.58
2020-05-29 23:45:41,329 - model.dcrnn_supervisor - INFO - Horizon 07, MAE: 3.30, MAPE: 0.0943, RMSE: 6.83
2020-05-29 23:45:41,395 - model.dcrnn_supervisor - INFO - Horizon 08, MAE: 3.39, MAPE: 0.0979, RMSE: 7.06
2020-05-29 23:45:41,461 - model.dcrnn_supervisor - INFO - Horizon 09, MAE: 3.47, MAPE: 0.1011, RMSE: 7.25
2020-05-29 23:45:41,527 - model.dcrnn_supervisor - INFO - Horizon 10, MAE: 3.54, MAPE: 0.1040, RMSE: 7.42
2020-05-29 23:45:41,593 - model.dcrnn_supervisor - INFO - Horizon 11, MAE: 3.61, MAPE: 0.1067, RMSE: 7.58
2020-05-29 23:45:41,659 - model.dcrnn_supervisor - INFO - Horizon 12, MAE: 3.67, MAPE: 0.1094, RMSE: 7.73
2020-05-29 23:45:41,710 - model.dcrnn_supervisor - INFO - Val loss decrease from 2.8640 to 2.8639, saving to data/model/dcrnn_R_2_h_12_64-64_lr_0.01_bs_64_0529215527/models-2.8639-33750
2020-05-29 23:46:53,540 - model.dcrnn_supervisor - INFO - Epoch [90/100] (34125) train_mae: 2.8546, val_mae: 2.8640 lr:0.000002 71.8s
2020-05-29 23:48:05,500 - model.dcrnn_supervisor - INFO - Epoch [91/100] (34500) train_mae: 2.8543, val_mae: 2.8639 lr:0.000002 72.0s
2020-05-29 23:48:05,553 - model.dcrnn_supervisor - INFO - Val loss decrease from 2.8639 to 2.8639, saving to data/model/dcrnn_R_2_h_12_64-64_lr_0.01_bs_64_0529215527/models-2.8639-34500
2020-05-29 23:49:17,604 - model.dcrnn_supervisor - INFO - Epoch [92/100] (34875) train_mae: 2.8539, val_mae: 2.8639 lr:0.000002 72.0s
2020-05-29 23:50:29,498 - model.dcrnn_supervisor - INFO - Epoch [93/100] (35250) train_mae: 2.8530, val_mae: 2.8639 lr:0.000002 71.9s
2020-05-29 23:51:41,471 - model.dcrnn_supervisor - INFO - Epoch [94/100] (35625) train_mae: 2.8533, val_mae: 2.8639 lr:0.000002 72.0s
2020-05-29 23:52:53,437 - model.dcrnn_supervisor - INFO - Epoch [95/100] (36000) train_mae: 2.8530, val_mae: 2.8639 lr:0.000002 72.0s
2020-05-29 23:52:53,485 - model.dcrnn_supervisor - INFO - Val loss decrease from 2.8639 to 2.8639, saving to data/model/dcrnn_R_2_h_12_64-64_lr_0.01_bs_64_0529215527/models-2.8639-36000
2020-05-29 23:54:05,530 - model.dcrnn_supervisor - INFO - Epoch [96/100] (36375) train_mae: 2.8527, val_mae: 2.8639 lr:0.000002 72.0s
2020-05-29 23:54:05,587 - model.dcrnn_supervisor - INFO - Val loss decrease from 2.8639 to 2.8639, saving to data/model/dcrnn_R_2_h_12_64-64_lr_0.01_bs_64_0529215527/models-2.8639-36375
2020-05-29 23:55:17,767 - model.dcrnn_supervisor - INFO - Epoch [97/100] (36750) train_mae: 2.8524, val_mae: 2.8639 lr:0.000002 72.2s
2020-05-29 23:56:29,620 - model.dcrnn_supervisor - INFO - Epoch [98/100] (37125) train_mae: 2.8521, val_mae: 2.8639 lr:0.000002 71.9s
2020-05-29 23:56:29,678 - model.dcrnn_supervisor - INFO - Val loss decrease from 2.8639 to 2.8639, saving to data/model/dcrnn_R_2_h_12_64-64_lr_0.01_bs_64_0529215527/models-2.8639-37125
2020-05-29 23:57:41,712 - model.dcrnn_supervisor - INFO - Epoch [99/100] (37500) train_mae: 2.8518, val_mae: 2.8639 lr:0.000002 72.0s
2020-05-29 23:57:52,669 - model.dcrnn_supervisor - INFO - Horizon 01, MAE: 2.28, MAPE: 0.0558, RMSE: 4.01
2020-05-29 23:57:52,751 - model.dcrnn_supervisor - INFO - Horizon 02, MAE: 2.59, MAPE: 0.0664, RMSE: 4.90
2020-05-29 23:57:52,824 - model.dcrnn_supervisor - INFO - Horizon 03, MAE: 2.79, MAPE: 0.0740, RMSE: 5.48
2020-05-29 23:57:52,894 - model.dcrnn_supervisor - INFO - Horizon 04, MAE: 2.95, MAPE: 0.0803, RMSE: 5.93
2020-05-29 23:57:52,962 - model.dcrnn_supervisor - INFO - Horizon 05, MAE: 3.08, MAPE: 0.0855, RMSE: 6.28
2020-05-29 23:57:53,030 - model.dcrnn_supervisor - INFO - Horizon 06, MAE: 3.20, MAPE: 0.0901, RMSE: 6.58
2020-05-29 23:57:53,098 - model.dcrnn_supervisor - INFO - Horizon 07, MAE: 3.30, MAPE: 0.0942, RMSE: 6.83
2020-05-29 23:57:53,167 - model.dcrnn_supervisor - INFO - Horizon 08, MAE: 3.39, MAPE: 0.0978, RMSE: 7.06
2020-05-29 23:57:53,235 - model.dcrnn_supervisor - INFO - Horizon 09, MAE: 3.47, MAPE: 0.1010, RMSE: 7.25
2020-05-29 23:57:53,302 - model.dcrnn_supervisor - INFO - Horizon 10, MAE: 3.54, MAPE: 0.1040, RMSE: 7.42
2020-05-29 23:57:53,372 - model.dcrnn_supervisor - INFO - Horizon 11, MAE: 3.61, MAPE: 0.1066, RMSE: 7.58
2020-05-29 23:57:53,440 - model.dcrnn_supervisor - INFO - Horizon 12, MAE: 3.67, MAPE: 0.1093, RMSE: 7.73
2020-05-29 23:57:53,490 - model.dcrnn_supervisor - INFO - Val loss decrease from 2.8639 to 2.8639, saving to data/model/dcrnn_R_2_h_12_64-64_lr_0.01_bs_64_0529215527/models-2.8639-37500
2020-05-29 23:59:05,512 - model.dcrnn_supervisor - INFO - Epoch [100/100] (37875) train_mae: 2.8515, val_mae: 2.8639 lr:0.000002 72.0s
